{"/home/travis/build/npmtest/node-npmtest-homebridge-hue/test.js":{"path":"/home/travis/build/npmtest/node-npmtest-homebridge-hue/test.js","s":{"1":2,"2":2,"3":2,"4":2,"5":2,"6":2,"7":2,"8":1,"9":2,"10":2,"11":1,"12":1,"13":1,"14":1,"15":2,"16":2,"17":2,"18":2,"19":1,"20":1,"21":2,"22":2,"23":2,"24":1,"25":1,"26":1,"27":1,"28":1,"29":1,"30":1,"31":1,"32":1,"33":1,"34":1,"35":1,"36":1,"37":1,"38":1,"39":2,"40":2,"41":1,"42":2,"43":2,"44":1,"45":2,"46":2,"47":1,"48":2,"49":2,"50":1,"51":1,"52":1,"53":1,"54":1},"b":{"1":[2,1,1,1],"2":[1,1,1,1],"3":[1,1],"4":[1,1],"5":[1,1],"6":[1,1],"7":[1,1],"8":[1,1],"9":[1,1],"10":[1,1,1],"11":[1,1],"12":[1,1],"13":[1,1],"14":[1,1],"15":[1,1],"16":[1,1],"17":[1,1]},"f":{"1":2,"2":2,"3":2,"4":2,"5":2,"6":1,"7":1,"8":1,"9":2,"10":2,"11":2,"12":2,"13":1},"fnMap":{"1":{"name":"(anonymous_1)","line":12,"loc":{"start":{"line":12,"column":1},"end":{"line":12,"column":13}}},"2":{"name":"(anonymous_2)","line":19,"loc":{"start":{"line":19,"column":5},"end":{"line":19,"column":17}}},"3":{"name":"(anonymous_3)","line":23,"loc":{"start":{"line":23,"column":24},"end":{"line":23,"column":36}}},"4":{"name":"(anonymous_4)","line":61,"loc":{"start":{"line":61,"column":5},"end":{"line":61,"column":17}}},"5":{"name":"(anonymous_5)","line":82,"loc":{"start":{"line":82,"column":5},"end":{"line":82,"column":17}}},"6":{"name":"(anonymous_6)","line":91,"loc":{"start":{"line":91,"column":77},"end":{"line":94,"column":10}}},"7":{"name":"(anonymous_7)","line":112,"loc":{"start":{"line":112,"column":83},"end":{"line":115,"column":10}},"skip":true},"8":{"name":"(anonymous_8)","line":123,"loc":{"start":{"line":123,"column":77},"end":{"line":126,"column":10}},"skip":true},"9":{"name":"(anonymous_9)","line":139,"loc":{"start":{"line":139,"column":12},"end":{"line":139,"column":40}},"skip":true},"10":{"name":"(anonymous_10)","line":147,"loc":{"start":{"line":147,"column":77},"end":{"line":150,"column":10}},"skip":true},"11":{"name":"(anonymous_11)","line":158,"loc":{"start":{"line":158,"column":83},"end":{"line":161,"column":10}},"skip":true},"12":{"name":"(anonymous_12)","line":169,"loc":{"start":{"line":169,"column":79},"end":{"line":172,"column":10}},"skip":true},"13":{"name":"(anonymous_13)","line":180,"loc":{"start":{"line":180,"column":75},"end":{"line":183,"column":10}},"skip":true}},"statementMap":{"1":{"start":{"line":12,"column":0},"end":{"line":195,"column":5}},"2":{"start":{"line":14,"column":4},"end":{"line":14,"column":14}},"3":{"start":{"line":19,"column":4},"end":{"line":56,"column":9}},"4":{"start":{"line":21,"column":8},"end":{"line":21,"column":19}},"5":{"start":{"line":23,"column":8},"end":{"line":35,"column":13}},"6":{"start":{"line":24,"column":12},"end":{"line":34,"column":13}},"7":{"start":{"line":25,"column":16},"end":{"line":28,"column":30}},"8":{"start":{"line":30,"column":16},"end":{"line":33,"column":27}},"9":{"start":{"line":37,"column":8},"end":{"line":39,"column":21}},"10":{"start":{"line":40,"column":8},"end":{"line":53,"column":9}},"11":{"start":{"line":43,"column":12},"end":{"line":46,"column":14}},"12":{"start":{"line":47,"column":12},"end":{"line":47,"column":18}},"13":{"start":{"line":50,"column":12},"end":{"line":51,"column":33}},"14":{"start":{"line":52,"column":12},"end":{"line":52,"column":18}},"15":{"start":{"line":55,"column":8},"end":{"line":55,"column":35}},"16":{"start":{"line":61,"column":4},"end":{"line":63,"column":9}},"17":{"start":{"line":62,"column":8},"end":{"line":62,"column":15}},"18":{"start":{"line":64,"column":4},"end":{"line":77,"column":5}},"19":{"start":{"line":70,"column":8},"end":{"line":70,"column":14}},"20":{"start":{"line":76,"column":8},"end":{"line":76,"column":14}},"21":{"start":{"line":82,"column":4},"end":{"line":84,"column":9}},"22":{"start":{"line":83,"column":8},"end":{"line":83,"column":15}},"23":{"start":{"line":85,"column":4},"end":{"line":194,"column":5}},"24":{"start":{"line":91,"column":8},"end":{"line":99,"column":10}},"25":{"start":{"line":98,"column":12},"end":{"line":98,"column":35}},"26":{"start":{"line":102,"column":8},"end":{"line":104,"column":63}},"27":{"start":{"line":105,"column":8},"end":{"line":105,"column":14}},"28":{"start":{"line":112,"column":8},"end":{"line":121,"column":10},"skip":true},"29":{"start":{"line":119,"column":12},"end":{"line":119,"column":55},"skip":true},"30":{"start":{"line":120,"column":12},"end":{"line":120,"column":48},"skip":true},"31":{"start":{"line":123,"column":8},"end":{"line":136,"column":10},"skip":true},"32":{"start":{"line":130,"column":12},"end":{"line":130,"column":76},"skip":true},"33":{"start":{"line":131,"column":12},"end":{"line":131,"column":73},"skip":true},"34":{"start":{"line":132,"column":12},"end":{"line":132,"column":74},"skip":true},"35":{"start":{"line":133,"column":12},"end":{"line":133,"column":79},"skip":true},"36":{"start":{"line":134,"column":12},"end":{"line":134,"column":25},"skip":true},"37":{"start":{"line":135,"column":12},"end":{"line":135,"column":45},"skip":true},"38":{"start":{"line":138,"column":8},"end":{"line":145,"column":14},"skip":true},"39":{"start":{"line":143,"column":16},"end":{"line":143,"column":29},"skip":true},"40":{"start":{"line":144,"column":16},"end":{"line":144,"column":55},"skip":true},"41":{"start":{"line":147,"column":8},"end":{"line":156,"column":10},"skip":true},"42":{"start":{"line":154,"column":12},"end":{"line":154,"column":25},"skip":true},"43":{"start":{"line":155,"column":12},"end":{"line":155,"column":45},"skip":true},"44":{"start":{"line":158,"column":8},"end":{"line":167,"column":10},"skip":true},"45":{"start":{"line":165,"column":12},"end":{"line":165,"column":25},"skip":true},"46":{"start":{"line":166,"column":12},"end":{"line":166,"column":48},"skip":true},"47":{"start":{"line":169,"column":8},"end":{"line":178,"column":10},"skip":true},"48":{"start":{"line":176,"column":12},"end":{"line":176,"column":25},"skip":true},"49":{"start":{"line":177,"column":12},"end":{"line":177,"column":46},"skip":true},"50":{"start":{"line":180,"column":8},"end":{"line":189,"column":10},"skip":true},"51":{"start":{"line":187,"column":12},"end":{"line":187,"column":94},"skip":true},"52":{"start":{"line":188,"column":12},"end":{"line":188,"column":48},"skip":true},"53":{"start":{"line":192,"column":8},"end":{"line":192,"column":35},"skip":true},"54":{"start":{"line":193,"column":8},"end":{"line":193,"column":14},"skip":true}},"branchMap":{"1":{"line":25,"type":"binary-expr","locations":[{"start":{"line":25,"column":23},"end":{"line":25,"column":62}},{"start":{"line":26,"column":20},"end":{"line":26,"column":70}},{"start":{"line":27,"column":20},"end":{"line":27,"column":71}},{"start":{"line":28,"column":20},"end":{"line":28,"column":29}}]},"2":{"line":30,"type":"binary-expr","locations":[{"start":{"line":30,"column":23},"end":{"line":30,"column":37}},{"start":{"line":31,"column":20},"end":{"line":31,"column":61}},{"start":{"line":32,"column":20},"end":{"line":32,"column":70}},{"start":{"line":33,"column":20},"end":{"line":33,"column":26}}]},"3":{"line":37,"type":"cond-expr","locations":[{"start":{"line":38,"column":14},"end":{"line":38,"column":20}},{"start":{"line":39,"column":14},"end":{"line":39,"column":20}}]},"4":{"line":40,"type":"switch","locations":[{"start":{"line":42,"column":8},"end":{"line":47,"column":18}},{"start":{"line":49,"column":8},"end":{"line":52,"column":18}}]},"5":{"line":44,"type":"binary-expr","locations":[{"start":{"line":44,"column":16},"end":{"line":44,"column":44}},{"start":{"line":44,"column":48},"end":{"line":44,"column":66}}]},"6":{"line":50,"type":"binary-expr","locations":[{"start":{"line":50,"column":21},"end":{"line":50,"column":49}},{"start":{"line":50,"column":53},"end":{"line":50,"column":72}}]},"7":{"line":64,"type":"switch","locations":[{"start":{"line":69,"column":4},"end":{"line":70,"column":14}},{"start":{"line":75,"column":4},"end":{"line":76,"column":14}}]},"8":{"line":85,"type":"switch","locations":[{"start":{"line":90,"column":4},"end":{"line":105,"column":14}},{"start":{"line":111,"column":4},"end":{"line":193,"column":14},"skip":true}]},"9":{"line":91,"type":"binary-expr","locations":[{"start":{"line":91,"column":42},"end":{"line":91,"column":73}},{"start":{"line":91,"column":77},"end":{"line":99,"column":9}}]},"10":{"line":102,"type":"binary-expr","locations":[{"start":{"line":102,"column":18},"end":{"line":102,"column":32}},{"start":{"line":103,"column":12},"end":{"line":103,"column":53}},{"start":{"line":104,"column":12},"end":{"line":104,"column":61}}]},"11":{"line":112,"type":"binary-expr","locations":[{"start":{"line":112,"column":45},"end":{"line":112,"column":79},"skip":true},{"start":{"line":112,"column":83},"end":{"line":121,"column":9},"skip":true}]},"12":{"line":123,"type":"binary-expr","locations":[{"start":{"line":123,"column":42},"end":{"line":123,"column":73},"skip":true},{"start":{"line":123,"column":77},"end":{"line":136,"column":9},"skip":true}]},"13":{"line":138,"type":"binary-expr","locations":[{"start":{"line":138,"column":48},"end":{"line":138,"column":85},"skip":true},{"start":{"line":139,"column":12},"end":{"line":145,"column":13},"skip":true}]},"14":{"line":147,"type":"binary-expr","locations":[{"start":{"line":147,"column":42},"end":{"line":147,"column":73},"skip":true},{"start":{"line":147,"column":77},"end":{"line":156,"column":9},"skip":true}]},"15":{"line":158,"type":"binary-expr","locations":[{"start":{"line":158,"column":45},"end":{"line":158,"column":79},"skip":true},{"start":{"line":158,"column":83},"end":{"line":167,"column":9},"skip":true}]},"16":{"line":169,"type":"binary-expr","locations":[{"start":{"line":169,"column":43},"end":{"line":169,"column":75},"skip":true},{"start":{"line":169,"column":79},"end":{"line":178,"column":9},"skip":true}]},"17":{"line":180,"type":"binary-expr","locations":[{"start":{"line":180,"column":41},"end":{"line":180,"column":71},"skip":true},{"start":{"line":180,"column":75},"end":{"line":189,"column":9},"skip":true}]}},"code":["/* istanbul instrument in package npmtest_homebridge_hue */","/*jslint","    bitwise: true,","    browser: true,","    maxerr: 8,","    maxlen: 96,","    node: true,","    nomen: true,","    regexp: true,","    stupid: true","*/","(function () {","    'use strict';","    var local;","","","","    // run shared js-env code - pre-init","    (function () {","        // init local","        local = {};","        // init modeJs","        local.modeJs = (function () {","            try {","                return typeof navigator.userAgent === 'string' &&","                    typeof document.querySelector('body') === 'object' &&","                    typeof XMLHttpRequest.prototype.open === 'function' &&","                    'browser';","            } catch (errorCaughtBrowser) {","                return module.exports &&","                    typeof process.versions.node === 'string' &&","                    typeof require('http').createServer === 'function' &&","                    'node';","            }","        }());","        // init global","        local.global = local.modeJs === 'browser'","            ? window","            : global;","        switch (local.modeJs) {","        // re-init local from window.local","        case 'browser':","            local = local.global.utility2.objectSetDefault(","                local.global.utility2_rollup || local.global.local,","                local.global.utility2","            );","            break;","        // re-init local from example.js","        case 'node':","            local = (local.global.utility2_rollup || require('utility2'))","                .requireReadme();","            break;","        }","        // export local","        local.global.local = local;","    }());","","","","    // run shared js-env code - function","    (function () {","        return;","    }());","    switch (local.modeJs) {","","","","    // run browser js-env code - function","    case 'browser':","        break;","","","","    // run node js-env code - function","    case 'node':","        break;","    }","","","","    // run shared js-env code - post-init","    (function () {","        return;","    }());","    switch (local.modeJs) {","","","","    // run browser js-env code - post-init","    case 'browser':","        local.testCase_browser_nullCase = local.testCase_browser_nullCase || function (","            options,","            onError","        ) {","        /*","         * this function will test browsers's null-case handling-behavior-behavior","         */","            onError(null, options);","        };","","        // run tests","        local.nop(local.modeTest &&","            document.querySelector('#testRunButton1') &&","            document.querySelector('#testRunButton1').click());","        break;","","","","    // run node js-env code - post-init","    /* istanbul ignore next */","    case 'node':","        local.testCase_buildApidoc_default = local.testCase_buildApidoc_default || function (","            options,","            onError","        ) {","        /*","         * this function will test buildApidoc's default handling-behavior-behavior","         */","            options = { modulePathList: module.paths };","            local.buildApidoc(options, onError);","        };","","        local.testCase_buildApp_default = local.testCase_buildApp_default || function (","            options,","            onError","        ) {","        /*","         * this function will test buildApp's default handling-behavior-behavior","         */","            local.testCase_buildReadme_default(options, local.onErrorThrow);","            local.testCase_buildLib_default(options, local.onErrorThrow);","            local.testCase_buildTest_default(options, local.onErrorThrow);","            local.testCase_buildCustomOrg_default(options, local.onErrorThrow);","            options = [];","            local.buildApp(options, onError);","        };","","        local.testCase_buildCustomOrg_default = local.testCase_buildCustomOrg_default ||","            function (options, onError) {","            /*","             * this function will test buildCustomOrg's default handling-behavior","             */","                options = {};","                local.buildCustomOrg(options, onError);","            };","","        local.testCase_buildLib_default = local.testCase_buildLib_default || function (","            options,","            onError","        ) {","        /*","         * this function will test buildLib's default handling-behavior","         */","            options = {};","            local.buildLib(options, onError);","        };","","        local.testCase_buildReadme_default = local.testCase_buildReadme_default || function (","            options,","            onError","        ) {","        /*","         * this function will test buildReadme's default handling-behavior-behavior","         */","            options = {};","            local.buildReadme(options, onError);","        };","","        local.testCase_buildTest_default = local.testCase_buildTest_default || function (","            options,","            onError","        ) {","        /*","         * this function will test buildTest's default handling-behavior","         */","            options = {};","            local.buildTest(options, onError);","        };","","        local.testCase_webpage_default = local.testCase_webpage_default || function (","            options,","            onError","        ) {","        /*","         * this function will test webpage's default handling-behavior","         */","            options = { modeCoverageMerge: true, url: local.serverLocalHost + '?modeTest=1' };","            local.browserTest(options, onError);","        };","","        // run test-server","        local.testRunServer(local);","        break;","    }","}());",""],"l":{"12":2,"14":2,"19":2,"21":2,"23":2,"24":2,"25":2,"30":1,"37":2,"40":2,"43":1,"47":1,"50":1,"52":1,"55":2,"61":2,"62":2,"64":2,"70":1,"76":1,"82":2,"83":2,"85":2,"91":1,"98":1,"102":1,"105":1,"112":1,"119":1,"120":1,"123":1,"130":1,"131":1,"132":1,"133":1,"134":1,"135":1,"138":1,"143":2,"144":2,"147":1,"154":2,"155":2,"158":1,"165":2,"166":2,"169":1,"176":2,"177":2,"180":1,"187":1,"188":1,"192":1,"193":1}},"/home/travis/build/npmtest/node-npmtest-homebridge-hue/lib.npmtest_homebridge_hue.js":{"path":"/home/travis/build/npmtest/node-npmtest-homebridge-hue/lib.npmtest_homebridge_hue.js","s":{"1":2,"2":2,"3":2,"4":2,"5":2,"6":2,"7":2,"8":1,"9":2,"10":2,"11":2,"12":2,"13":1,"14":1,"15":1,"16":1},"b":{"1":[2,1,1,1],"2":[1,1,1,1],"3":[1,1],"4":[2,2],"5":[1,1]},"f":{"1":2,"2":2,"3":2},"fnMap":{"1":{"name":"(anonymous_1)","line":12,"loc":{"start":{"line":12,"column":1},"end":{"line":12,"column":13}}},"2":{"name":"(anonymous_2)","line":19,"loc":{"start":{"line":19,"column":5},"end":{"line":19,"column":17}}},"3":{"name":"(anonymous_3)","line":23,"loc":{"start":{"line":23,"column":24},"end":{"line":23,"column":36}}}},"statementMap":{"1":{"start":{"line":12,"column":0},"end":{"line":53,"column":5}},"2":{"start":{"line":14,"column":4},"end":{"line":14,"column":14}},"3":{"start":{"line":19,"column":4},"end":{"line":52,"column":9}},"4":{"start":{"line":21,"column":8},"end":{"line":21,"column":19}},"5":{"start":{"line":23,"column":8},"end":{"line":35,"column":13}},"6":{"start":{"line":24,"column":12},"end":{"line":34,"column":13}},"7":{"start":{"line":25,"column":16},"end":{"line":28,"column":30}},"8":{"start":{"line":30,"column":16},"end":{"line":33,"column":27}},"9":{"start":{"line":37,"column":8},"end":{"line":39,"column":21}},"10":{"start":{"line":41,"column":8},"end":{"line":41,"column":54}},"11":{"start":{"line":43,"column":8},"end":{"line":43,"column":59}},"12":{"start":{"line":45,"column":8},"end":{"line":51,"column":9}},"13":{"start":{"line":46,"column":12},"end":{"line":46,"column":65}},"14":{"start":{"line":48,"column":12},"end":{"line":48,"column":35}},"15":{"start":{"line":49,"column":12},"end":{"line":49,"column":49}},"16":{"start":{"line":50,"column":12},"end":{"line":50,"column":43}}},"branchMap":{"1":{"line":25,"type":"binary-expr","locations":[{"start":{"line":25,"column":23},"end":{"line":25,"column":62}},{"start":{"line":26,"column":20},"end":{"line":26,"column":70}},{"start":{"line":27,"column":20},"end":{"line":27,"column":71}},{"start":{"line":28,"column":20},"end":{"line":28,"column":29}}]},"2":{"line":30,"type":"binary-expr","locations":[{"start":{"line":30,"column":23},"end":{"line":30,"column":37}},{"start":{"line":31,"column":20},"end":{"line":31,"column":61}},{"start":{"line":32,"column":20},"end":{"line":32,"column":70}},{"start":{"line":33,"column":20},"end":{"line":33,"column":26}}]},"3":{"line":37,"type":"cond-expr","locations":[{"start":{"line":38,"column":14},"end":{"line":38,"column":20}},{"start":{"line":39,"column":14},"end":{"line":39,"column":20}}]},"4":{"line":41,"type":"binary-expr","locations":[{"start":{"line":41,"column":16},"end":{"line":41,"column":44}},{"start":{"line":41,"column":48},"end":{"line":41,"column":53}}]},"5":{"line":45,"type":"if","locations":[{"start":{"line":45,"column":8},"end":{"line":45,"column":8}},{"start":{"line":45,"column":8},"end":{"line":45,"column":8}}]}},"code":["/* istanbul instrument in package npmtest_homebridge_hue */","/*jslint","    bitwise: true,","    browser: true,","    maxerr: 8,","    maxlen: 96,","    node: true,","    nomen: true,","    regexp: true,","    stupid: true","*/","(function () {","    'use strict';","    var local;","","","","    // run shared js-env code - pre-init","    (function () {","        // init local","        local = {};","        // init modeJs","        local.modeJs = (function () {","            try {","                return typeof navigator.userAgent === 'string' &&","                    typeof document.querySelector('body') === 'object' &&","                    typeof XMLHttpRequest.prototype.open === 'function' &&","                    'browser';","            } catch (errorCaughtBrowser) {","                return module.exports &&","                    typeof process.versions.node === 'string' &&","                    typeof require('http').createServer === 'function' &&","                    'node';","            }","        }());","        // init global","        local.global = local.modeJs === 'browser'","            ? window","            : global;","        // init utility2_rollup","        local = local.global.utility2_rollup || local;","        // init lib","        local.local = local.npmtest_homebridge_hue = local;","        // init exports","        if (local.modeJs === 'browser') {","            local.global.utility2_npmtest_homebridge_hue = local;","        } else {","            module.exports = local;","            module.exports.__dirname = __dirname;","            module.exports.module = module;","        }","    }());","}());",""],"l":{"12":2,"14":2,"19":2,"21":2,"23":2,"24":2,"25":2,"30":1,"37":2,"41":2,"43":2,"45":2,"46":1,"48":1,"49":1,"50":1}},"/home/travis/build/npmtest/node-npmtest-homebridge-hue/example.js":{"path":"/home/travis/build/npmtest/node-npmtest-homebridge-hue/example.js","s":{"1":2,"2":2,"3":2,"4":2,"5":2,"6":2,"7":2,"8":1,"9":2,"10":2,"11":2,"12":2,"13":1,"14":2,"15":2,"16":2,"17":2,"18":2,"19":0,"20":2,"21":1,"22":1,"23":1,"24":1,"25":1,"26":0,"27":0,"28":1,"29":1,"30":2,"31":0,"32":0,"33":0,"34":1,"35":2,"36":2,"37":3,"38":3,"39":3,"40":3,"41":0,"42":3,"43":3,"44":3,"45":1,"46":3,"47":1,"48":1,"49":1,"50":1,"51":1,"52":1,"53":1,"54":1,"55":1,"56":1,"57":0,"58":1,"59":6,"60":6,"61":1,"62":2,"63":0,"64":2,"65":1,"66":1,"67":0,"68":0,"69":0,"70":0,"71":0,"72":0,"73":0,"74":0,"75":0,"76":0,"77":0,"78":0,"79":0,"80":0,"81":0,"82":0,"83":0},"b":{"1":[2,1,1,1],"2":[1,1,1,1],"3":[1,1],"4":[2,2],"5":[1,1],"6":[1,1],"7":[2,0],"8":[2,1,1,1,1,1],"9":[0,2,0],"10":[1,1],"11":[2,1,1],"12":[1,0],"13":[0,2],"14":[2,0,0,0,0,0,0],"15":[0,3],"16":[3,0],"17":[1,1],"18":[0,1],"19":[1,2,0,2],"20":[1,0],"21":[1,1],"22":[0,0],"23":[0,0],"24":[0,0],"25":[0,0],"26":[0,0],"27":[0,0],"28":[0,0]},"f":{"1":2,"2":2,"3":2,"4":2,"5":2,"6":2,"7":3,"8":3,"9":3,"10":1,"11":6,"12":0},"fnMap":{"1":{"name":"(anonymous_1)","line":26,"loc":{"start":{"line":26,"column":1},"end":{"line":26,"column":13}}},"2":{"name":"(anonymous_2)","line":33,"loc":{"start":{"line":33,"column":5},"end":{"line":33,"column":17}}},"3":{"name":"(anonymous_3)","line":37,"loc":{"start":{"line":37,"column":24},"end":{"line":37,"column":36}}},"4":{"name":"(anonymous_4)","line":69,"loc":{"start":{"line":69,"column":31},"end":{"line":69,"column":48}},"skip":true},"5":{"name":"(anonymous_5)","line":78,"loc":{"start":{"line":78,"column":26},"end":{"line":78,"column":45}},"skip":true},"6":{"name":"(anonymous_6)","line":123,"loc":{"start":{"line":123,"column":33},"end":{"line":123,"column":48}},"skip":true},"7":{"name":"(anonymous_7)","line":125,"loc":{"start":{"line":125,"column":27},"end":{"line":125,"column":39}},"skip":true},"8":{"name":"(anonymous_8)","line":133,"loc":{"start":{"line":133,"column":59},"end":{"line":133,"column":74}},"skip":true},"9":{"name":"(anonymous_9)","line":143,"loc":{"start":{"line":143,"column":45},"end":{"line":143,"column":62}},"skip":true},"10":{"name":"(anonymous_10)","line":144,"loc":{"start":{"line":144,"column":73},"end":{"line":144,"column":92}},"skip":true},"11":{"name":"(anonymous_11)","line":272,"loc":{"start":{"line":272,"column":51},"end":{"line":272,"column":77}},"skip":true},"12":{"name":"(anonymous_12)","line":315,"loc":{"start":{"line":315,"column":32},"end":{"line":315,"column":61}},"skip":true}},"statementMap":{"1":{"start":{"line":26,"column":0},"end":{"line":326,"column":5}},"2":{"start":{"line":28,"column":4},"end":{"line":28,"column":14}},"3":{"start":{"line":33,"column":4},"end":{"line":60,"column":9}},"4":{"start":{"line":35,"column":8},"end":{"line":35,"column":19}},"5":{"start":{"line":37,"column":8},"end":{"line":49,"column":13}},"6":{"start":{"line":38,"column":12},"end":{"line":48,"column":13}},"7":{"start":{"line":39,"column":16},"end":{"line":42,"column":30}},"8":{"start":{"line":44,"column":16},"end":{"line":47,"column":27}},"9":{"start":{"line":51,"column":8},"end":{"line":53,"column":21}},"10":{"start":{"line":55,"column":8},"end":{"line":57,"column":45}},"11":{"start":{"line":59,"column":8},"end":{"line":59,"column":35}},"12":{"start":{"line":61,"column":4},"end":{"line":325,"column":5}},"13":{"start":{"line":69,"column":8},"end":{"line":121,"column":10},"skip":true},"14":{"start":{"line":70,"column":12},"end":{"line":88,"column":13},"skip":true},"15":{"start":{"line":76,"column":16},"end":{"line":87,"column":19},"skip":true},"16":{"start":{"line":79,"column":20},"end":{"line":86,"column":21},"skip":true},"17":{"start":{"line":82,"column":24},"end":{"line":82,"column":43},"skip":true},"18":{"start":{"line":83,"column":24},"end":{"line":83,"column":30},"skip":true},"19":{"start":{"line":85,"column":24},"end":{"line":85,"column":49},"skip":true},"20":{"start":{"line":89,"column":12},"end":{"line":107,"column":13},"skip":true},"21":{"start":{"line":92,"column":16},"end":{"line":102,"column":17},"skip":true},"22":{"start":{"line":93,"column":20},"end":{"line":93,"column":86},"skip":true},"23":{"start":{"line":94,"column":20},"end":{"line":95,"column":45},"skip":true},"24":{"start":{"line":96,"column":20},"end":{"line":96,"column":42},"skip":true},"25":{"start":{"line":97,"column":20},"end":{"line":97,"column":48},"skip":true},"26":{"start":{"line":100,"column":20},"end":{"line":100,"column":85},"skip":true},"27":{"start":{"line":101,"column":20},"end":{"line":101,"column":96},"skip":true},"28":{"start":{"line":103,"column":16},"end":{"line":103,"column":22},"skip":true},"29":{"start":{"line":106,"column":16},"end":{"line":106,"column":22},"skip":true},"30":{"start":{"line":108,"column":12},"end":{"line":120,"column":13},"skip":true},"31":{"start":{"line":114,"column":16},"end":{"line":119,"column":17},"skip":true},"32":{"start":{"line":116,"column":20},"end":{"line":116,"column":78},"skip":true},"33":{"start":{"line":118,"column":20},"end":{"line":118,"column":47},"skip":true},"34":{"start":{"line":123,"column":8},"end":{"line":141,"column":11},"skip":true},"35":{"start":{"line":124,"column":12},"end":{"line":124,"column":54},"skip":true},"36":{"start":{"line":125,"column":12},"end":{"line":140,"column":14},"skip":true},"37":{"start":{"line":126,"column":16},"end":{"line":126,"column":28},"skip":true},"38":{"start":{"line":127,"column":16},"end":{"line":127,"column":69},"skip":true},"39":{"start":{"line":128,"column":16},"end":{"line":128,"column":75},"skip":true},"40":{"start":{"line":129,"column":16},"end":{"line":131,"column":17},"skip":true},"41":{"start":{"line":130,"column":20},"end":{"line":130,"column":27},"skip":true},"42":{"start":{"line":133,"column":16},"end":{"line":137,"column":36},"skip":true},"43":{"start":{"line":134,"column":20},"end":{"line":136,"column":55},"skip":true},"44":{"start":{"line":139,"column":16},"end":{"line":139,"column":57},"skip":true},"45":{"start":{"line":143,"column":8},"end":{"line":147,"column":11},"skip":true},"46":{"start":{"line":144,"column":12},"end":{"line":146,"column":15},"skip":true},"47":{"start":{"line":145,"column":16},"end":{"line":145,"column":70},"skip":true},"48":{"start":{"line":149,"column":8},"end":{"line":149,"column":31},"skip":true},"49":{"start":{"line":150,"column":8},"end":{"line":150,"column":14},"skip":true},"50":{"start":{"line":158,"column":8},"end":{"line":158,"column":31},"skip":true},"51":{"start":{"line":160,"column":8},"end":{"line":160,"column":33},"skip":true},"52":{"start":{"line":161,"column":8},"end":{"line":161,"column":37},"skip":true},"53":{"start":{"line":162,"column":8},"end":{"line":162,"column":35},"skip":true},"54":{"start":{"line":164,"column":8},"end":{"line":164,"column":50},"skip":true},"55":{"start":{"line":166,"column":8},"end":{"line":256,"column":2},"skip":true},"56":{"start":{"line":258,"column":8},"end":{"line":286,"column":9},"skip":true},"57":{"start":{"line":259,"column":12},"end":{"line":269,"column":14},"skip":true},"58":{"start":{"line":271,"column":12},"end":{"line":285,"column":19},"skip":true},"59":{"start":{"line":274,"column":20},"end":{"line":274,"column":35},"skip":true},"60":{"start":{"line":275,"column":20},"end":{"line":284,"column":21},"skip":true},"61":{"start":{"line":277,"column":24},"end":{"line":277,"column":64},"skip":true},"62":{"start":{"line":279,"column":24},"end":{"line":279,"column":40},"skip":true},"63":{"start":{"line":281,"column":24},"end":{"line":281,"column":40},"skip":true},"64":{"start":{"line":283,"column":24},"end":{"line":283,"column":39},"skip":true},"65":{"start":{"line":288,"column":8},"end":{"line":290,"column":9},"skip":true},"66":{"start":{"line":289,"column":12},"end":{"line":289,"column":18},"skip":true},"67":{"start":{"line":291,"column":8},"end":{"line":293,"column":54},"skip":true},"68":{"start":{"line":296,"column":8},"end":{"line":301,"column":37},"skip":true},"69":{"start":{"line":303,"column":8},"end":{"line":303,"column":82},"skip":true},"70":{"start":{"line":306,"column":8},"end":{"line":308,"column":9},"skip":true},"71":{"start":{"line":307,"column":12},"end":{"line":307,"column":82},"skip":true},"72":{"start":{"line":310,"column":8},"end":{"line":312,"column":9},"skip":true},"73":{"start":{"line":311,"column":12},"end":{"line":311,"column":18},"skip":true},"74":{"start":{"line":313,"column":8},"end":{"line":313,"column":54},"skip":true},"75":{"start":{"line":314,"column":8},"end":{"line":314,"column":69},"skip":true},"76":{"start":{"line":315,"column":8},"end":{"line":323,"column":36},"skip":true},"77":{"start":{"line":316,"column":12},"end":{"line":316,"column":61},"skip":true},"78":{"start":{"line":317,"column":12},"end":{"line":320,"column":13},"skip":true},"79":{"start":{"line":318,"column":16},"end":{"line":318,"column":75},"skip":true},"80":{"start":{"line":319,"column":16},"end":{"line":319,"column":23},"skip":true},"81":{"start":{"line":321,"column":12},"end":{"line":321,"column":38},"skip":true},"82":{"start":{"line":322,"column":12},"end":{"line":322,"column":27},"skip":true},"83":{"start":{"line":324,"column":8},"end":{"line":324,"column":14},"skip":true}},"branchMap":{"1":{"line":39,"type":"binary-expr","locations":[{"start":{"line":39,"column":23},"end":{"line":39,"column":62}},{"start":{"line":40,"column":20},"end":{"line":40,"column":70}},{"start":{"line":41,"column":20},"end":{"line":41,"column":71}},{"start":{"line":42,"column":20},"end":{"line":42,"column":29}}]},"2":{"line":44,"type":"binary-expr","locations":[{"start":{"line":44,"column":23},"end":{"line":44,"column":37}},{"start":{"line":45,"column":20},"end":{"line":45,"column":61}},{"start":{"line":46,"column":20},"end":{"line":46,"column":70}},{"start":{"line":47,"column":20},"end":{"line":47,"column":26}}]},"3":{"line":51,"type":"cond-expr","locations":[{"start":{"line":52,"column":14},"end":{"line":52,"column":20}},{"start":{"line":53,"column":14},"end":{"line":53,"column":20}}]},"4":{"line":55,"type":"binary-expr","locations":[{"start":{"line":55,"column":16},"end":{"line":55,"column":44}},{"start":{"line":55,"column":49},"end":{"line":57,"column":43}}]},"5":{"line":55,"type":"cond-expr","locations":[{"start":{"line":56,"column":14},"end":{"line":56,"column":58}},{"start":{"line":57,"column":14},"end":{"line":57,"column":43}}]},"6":{"line":61,"type":"switch","locations":[{"start":{"line":68,"column":4},"end":{"line":150,"column":14},"skip":true},{"start":{"line":156,"column":4},"end":{"line":324,"column":14},"skip":true}]},"7":{"line":70,"type":"if","locations":[{"start":{"line":70,"column":12},"end":{"line":70,"column":12},"skip":true},{"start":{"line":70,"column":12},"end":{"line":70,"column":12},"skip":true}]},"8":{"line":70,"type":"binary-expr","locations":[{"start":{"line":70,"column":16},"end":{"line":70,"column":22},"skip":true},{"start":{"line":70,"column":27},"end":{"line":70,"column":32},"skip":true},{"start":{"line":71,"column":20},"end":{"line":71,"column":39},"skip":true},{"start":{"line":72,"column":20},"end":{"line":72,"column":49},"skip":true},{"start":{"line":73,"column":20},"end":{"line":73,"column":58},"skip":true},{"start":{"line":74,"column":20},"end":{"line":74,"column":69},"skip":true}]},"9":{"line":79,"type":"switch","locations":[{"start":{"line":80,"column":20},"end":{"line":80,"column":33},"skip":true},{"start":{"line":81,"column":20},"end":{"line":83,"column":30},"skip":true},{"start":{"line":84,"column":20},"end":{"line":85,"column":49},"skip":true}]},"10":{"line":89,"type":"switch","locations":[{"start":{"line":90,"column":12},"end":{"line":103,"column":22},"skip":true},{"start":{"line":105,"column":12},"end":{"line":106,"column":22},"skip":true}]},"11":{"line":89,"type":"binary-expr","locations":[{"start":{"line":89,"column":20},"end":{"line":89,"column":25},"skip":true},{"start":{"line":89,"column":29},"end":{"line":89,"column":48},"skip":true},{"start":{"line":89,"column":52},"end":{"line":89,"column":74},"skip":true}]},"12":{"line":92,"type":"if","locations":[{"start":{"line":92,"column":16},"end":{"line":92,"column":16},"skip":true},{"start":{"line":92,"column":16},"end":{"line":92,"column":16},"skip":true}]},"13":{"line":108,"type":"if","locations":[{"start":{"line":108,"column":12},"end":{"line":108,"column":12},"skip":true},{"start":{"line":108,"column":12},"end":{"line":108,"column":12},"skip":true}]},"14":{"line":108,"type":"binary-expr","locations":[{"start":{"line":108,"column":16},"end":{"line":108,"column":61},"skip":true},{"start":{"line":108,"column":66},"end":{"line":108,"column":72},"skip":true},{"start":{"line":108,"column":77},"end":{"line":108,"column":82},"skip":true},{"start":{"line":109,"column":20},"end":{"line":109,"column":39},"skip":true},{"start":{"line":110,"column":20},"end":{"line":110,"column":49},"skip":true},{"start":{"line":111,"column":20},"end":{"line":111,"column":58},"skip":true},{"start":{"line":112,"column":20},"end":{"line":112,"column":68},"skip":true}]},"15":{"line":129,"type":"if","locations":[{"start":{"line":129,"column":16},"end":{"line":129,"column":16},"skip":true},{"start":{"line":129,"column":16},"end":{"line":129,"column":16},"skip":true}]},"16":{"line":134,"type":"cond-expr","locations":[{"start":{"line":135,"column":26},"end":{"line":135,"column":29},"skip":true},{"start":{"line":136,"column":26},"end":{"line":136,"column":54},"skip":true}]},"17":{"line":164,"type":"binary-expr","locations":[{"start":{"line":164,"column":27},"end":{"line":164,"column":43},"skip":true},{"start":{"line":164,"column":47},"end":{"line":164,"column":49},"skip":true}]},"18":{"line":258,"type":"if","locations":[{"start":{"line":258,"column":8},"end":{"line":258,"column":8},"skip":true},{"start":{"line":258,"column":8},"end":{"line":258,"column":8},"skip":true}]},"19":{"line":275,"type":"switch","locations":[{"start":{"line":276,"column":20},"end":{"line":277,"column":64},"skip":true},{"start":{"line":278,"column":20},"end":{"line":279,"column":40},"skip":true},{"start":{"line":280,"column":20},"end":{"line":281,"column":40},"skip":true},{"start":{"line":282,"column":20},"end":{"line":283,"column":39},"skip":true}]},"20":{"line":288,"type":"if","locations":[{"start":{"line":288,"column":8},"end":{"line":288,"column":8},"skip":true},{"start":{"line":288,"column":8},"end":{"line":288,"column":8},"skip":true}]},"21":{"line":288,"type":"binary-expr","locations":[{"start":{"line":288,"column":12},"end":{"line":288,"column":40},"skip":true},{"start":{"line":288,"column":44},"end":{"line":288,"column":67},"skip":true}]},"22":{"line":292,"type":"binary-expr","locations":[{"start":{"line":292,"column":12},"end":{"line":292,"column":50},"skip":true},{"start":{"line":293,"column":12},"end":{"line":293,"column":53},"skip":true}]},"23":{"line":297,"type":"binary-expr","locations":[{"start":{"line":297,"column":12},"end":{"line":297,"column":72},"skip":true},{"start":{"line":298,"column":12},"end":{"line":301,"column":36},"skip":true}]},"24":{"line":303,"type":"binary-expr","locations":[{"start":{"line":303,"column":43},"end":{"line":303,"column":75},"skip":true},{"start":{"line":303,"column":79},"end":{"line":303,"column":81},"skip":true}]},"25":{"line":306,"type":"if","locations":[{"start":{"line":306,"column":8},"end":{"line":306,"column":8},"skip":true},{"start":{"line":306,"column":8},"end":{"line":306,"column":8},"skip":true}]},"26":{"line":310,"type":"if","locations":[{"start":{"line":310,"column":8},"end":{"line":310,"column":8},"skip":true},{"start":{"line":310,"column":8},"end":{"line":310,"column":8},"skip":true}]},"27":{"line":313,"type":"binary-expr","locations":[{"start":{"line":313,"column":27},"end":{"line":313,"column":43},"skip":true},{"start":{"line":313,"column":47},"end":{"line":313,"column":53},"skip":true}]},"28":{"line":317,"type":"if","locations":[{"start":{"line":317,"column":12},"end":{"line":317,"column":12},"skip":true},{"start":{"line":317,"column":12},"end":{"line":317,"column":12},"skip":true}]}},"code":["/*","example.js","","quickstart example","","instruction","    1. save this script as example.js","    2. run the shell command:","        $ npm install npmtest-homebridge-hue && PORT=8081 node example.js","    3. play with the browser-demo on http://127.0.0.1:8081","*/","","","","/* istanbul instrument in package npmtest_homebridge_hue */","/*jslint","    bitwise: true,","    browser: true,","    maxerr: 8,","    maxlen: 96,","    node: true,","    nomen: true,","    regexp: true,","    stupid: true","*/","(function () {","    'use strict';","    var local;","","","","    // run shared js-env code - pre-init","    (function () {","        // init local","        local = {};","        // init modeJs","        local.modeJs = (function () {","            try {","                return typeof navigator.userAgent === 'string' &&","                    typeof document.querySelector('body') === 'object' &&","                    typeof XMLHttpRequest.prototype.open === 'function' &&","                    'browser';","            } catch (errorCaughtBrowser) {","                return module.exports &&","                    typeof process.versions.node === 'string' &&","                    typeof require('http').createServer === 'function' &&","                    'node';","            }","        }());","        // init global","        local.global = local.modeJs === 'browser'","            ? window","            : global;","        // init utility2_rollup","        local = local.global.utility2_rollup || (local.modeJs === 'browser'","            ? local.global.utility2_npmtest_homebridge_hue","            : global.utility2_moduleExports);","        // export local","        local.global.local = local;","    }());","    switch (local.modeJs) {","","","","    // post-init","    // run browser js-env code - post-init","    /* istanbul ignore next */","    case 'browser':","        local.testRunBrowser = function (event) {","            if (!event || (event &&","                    event.currentTarget &&","                    event.currentTarget.className &&","                    event.currentTarget.className.includes &&","                    event.currentTarget.className.includes('onreset'))) {","                // reset output","                Array.from(","                    document.querySelectorAll('body > .resettable')","                ).forEach(function (element) {","                    switch (element.tagName) {","                    case 'INPUT':","                    case 'TEXTAREA':","                        element.value = '';","                        break;","                    default:","                        element.textContent = '';","                    }","                });","            }","            switch (event && event.currentTarget && event.currentTarget.id) {","            case 'testRunButton1':","                // show tests","                if (document.querySelector('#testReportDiv1').style.display === 'none') {","                    document.querySelector('#testReportDiv1').style.display = 'block';","                    document.querySelector('#testRunButton1').textContent =","                        'hide internal test';","                    local.modeTest = true;","                    local.testRunDefault(local);","                // hide tests","                } else {","                    document.querySelector('#testReportDiv1').style.display = 'none';","                    document.querySelector('#testRunButton1').textContent = 'run internal test';","                }","                break;","            // custom-case","            default:","                break;","            }","            if (document.querySelector('#inputTextareaEval1') && (!event || (event &&","                    event.currentTarget &&","                    event.currentTarget.className &&","                    event.currentTarget.className.includes &&","                    event.currentTarget.className.includes('oneval')))) {","                // try to eval input-code","                try {","                    /*jslint evil: true*/","                    eval(document.querySelector('#inputTextareaEval1').value);","                } catch (errorCaught) {","                    console.error(errorCaught);","                }","            }","        };","        // log stderr and stdout to #outputTextareaStdout1","        ['error', 'log'].forEach(function (key) {","            console[key + '_original'] = console[key];","            console[key] = function () {","                var element;","                console[key + '_original'].apply(console, arguments);","                element = document.querySelector('#outputTextareaStdout1');","                if (!element) {","                    return;","                }","                // append text to #outputTextareaStdout1","                element.value += Array.from(arguments).map(function (arg) {","                    return typeof arg === 'string'","                        ? arg","                        : JSON.stringify(arg, null, 4);","                }).join(' ') + '\\n';","                // scroll textarea to bottom","                element.scrollTop = element.scrollHeight;","            };","        });","        // init event-handling","        ['change', 'click', 'keyup'].forEach(function (event) {","            Array.from(document.querySelectorAll('.on' + event)).forEach(function (element) {","                element.addEventListener(event, local.testRunBrowser);","            });","        });","        // run tests","        local.testRunBrowser();","        break;","","","","    // run node js-env code - post-init","    /* istanbul ignore next */","    case 'node':","        // export local","        module.exports = local;","        // require modules","        local.fs = require('fs');","        local.http = require('http');","        local.url = require('url');","        // init assets","        local.assetsDict = local.assetsDict || {};","        /* jslint-ignore-begin */","        local.assetsDict['/assets.index.template.html'] = '\\","<!doctype html>\\n\\","<html lang=\"en\">\\n\\","<head>\\n\\","<meta charset=\"UTF-8\">\\n\\","<meta name=\"viewport\" content=\"width=device-width, initial-scale=1\">\\n\\","<title>{{env.npm_package_name}} (v{{env.npm_package_version}})</title>\\n\\","<style>\\n\\","/*csslint\\n\\","    box-sizing: false,\\n\\","    universal-selector: false\\n\\","*/\\n\\","* {\\n\\","    box-sizing: border-box;\\n\\","}\\n\\","body {\\n\\","    background: #dde;\\n\\","    font-family: Arial, Helvetica, sans-serif;\\n\\","    margin: 2rem;\\n\\","}\\n\\","body > * {\\n\\","    margin-bottom: 1rem;\\n\\","}\\n\\",".utility2FooterDiv {\\n\\","    margin-top: 20px;\\n\\","    text-align: center;\\n\\","}\\n\\","</style>\\n\\","<style>\\n\\","/*csslint\\n\\","*/\\n\\","textarea {\\n\\","    font-family: monospace;\\n\\","    height: 10rem;\\n\\","    width: 100%;\\n\\","}\\n\\","textarea[readonly] {\\n\\","    background: #ddd;\\n\\","}\\n\\","</style>\\n\\","</head>\\n\\","<body>\\n\\","<!-- utility2-comment\\n\\","<div id=\"ajaxProgressDiv1\" style=\"background: #d00; height: 2px; left: 0; margin: 0; padding: 0; position: fixed; top: 0; transition: background 0.5s, width 1.5s; width: 25%;\"></div>\\n\\","utility2-comment -->\\n\\","<h1>\\n\\","<!-- utility2-comment\\n\\","    <a\\n\\","        {{#if env.npm_package_homepage}}\\n\\","        href=\"{{env.npm_package_homepage}}\"\\n\\","        {{/if env.npm_package_homepage}}\\n\\","        target=\"_blank\"\\n\\","    >\\n\\","utility2-comment -->\\n\\","        {{env.npm_package_name}} (v{{env.npm_package_version}})\\n\\","<!-- utility2-comment\\n\\","    </a>\\n\\","utility2-comment -->\\n\\","</h1>\\n\\","<h3>{{env.npm_package_description}}</h3>\\n\\","<!-- utility2-comment\\n\\","<h4><a download href=\"assets.app.js\">download standalone app</a></h4>\\n\\","<button class=\"onclick onreset\" id=\"testRunButton1\">run internal test</button><br>\\n\\","<div id=\"testReportDiv1\" style=\"display: none;\"></div>\\n\\","utility2-comment -->\\n\\","\\n\\","\\n\\","\\n\\","<label>stderr and stdout</label>\\n\\","<textarea class=\"resettable\" id=\"outputTextareaStdout1\" readonly></textarea>\\n\\","<!-- utility2-comment\\n\\","{{#if isRollup}}\\n\\","<script src=\"assets.app.js\"></script>\\n\\","{{#unless isRollup}}\\n\\","utility2-comment -->\\n\\","<script src=\"assets.utility2.rollup.js\"></script>\\n\\","<script src=\"jsonp.utility2._stateInit?callback=window.utility2._stateInit\"></script>\\n\\","<script src=\"assets.npmtest_homebridge_hue.rollup.js\"></script>\\n\\","<script src=\"assets.example.js\"></script>\\n\\","<script src=\"assets.test.js\"></script>\\n\\","<!-- utility2-comment\\n\\","{{/if isRollup}}\\n\\","utility2-comment -->\\n\\","<div class=\"utility2FooterDiv\">\\n\\","    [ this app was created with\\n\\","    <a href=\"https://github.com/kaizhu256/node-utility2\" target=\"_blank\">utility2</a>\\n\\","    ]\\n\\","</div>\\n\\","</body>\\n\\","</html>\\n\\","';","        /* jslint-ignore-end */","        if (local.templateRender) {","            local.assetsDict['/'] = local.templateRender(","                local.assetsDict['/assets.index.template.html'],","                {","                    env: local.objectSetDefault(local.env, {","                        npm_package_description: 'the greatest app in the world!',","                        npm_package_name: 'my-app',","                        npm_package_nameAlias: 'my_app',","                        npm_package_version: '0.0.1'","                    })","                }","            );","        } else {","            local.assetsDict['/'] = local.assetsDict['/assets.index.template.html']","                .replace((/\\{\\{env\\.(\\w+?)\\}\\}/g), function (match0, match1) {","                    // jslint-hack","                    String(match0);","                    switch (match1) {","                    case 'npm_package_description':","                        return 'the greatest app in the world!';","                    case 'npm_package_name':","                        return 'my-app';","                    case 'npm_package_nameAlias':","                        return 'my_app';","                    case 'npm_package_version':","                        return '0.0.1';","                    }","                });","        }","        // run the cli","        if (local.global.utility2_rollup || module !== require.main) {","            break;","        }","        local.assetsDict['/assets.example.js'] =","            local.assetsDict['/assets.example.js'] ||","            local.fs.readFileSync(__filename, 'utf8');","        // bug-workaround - long $npm_package_buildCustomOrg","        /* jslint-ignore-begin */","        local.assetsDict['/assets.npmtest_homebridge_hue.rollup.js'] =","            local.assetsDict['/assets.npmtest_homebridge_hue.rollup.js'] ||","            local.fs.readFileSync(","                local.npmtest_homebridge_hue.__dirname + '/lib.npmtest_homebridge_hue.js',","                'utf8'","            ).replace((/^#!/), '//');","        /* jslint-ignore-end */","        local.assetsDict['/favicon.ico'] = local.assetsDict['/favicon.ico'] || '';","        // if $npm_config_timeout_exit exists,","        // then exit this process after $npm_config_timeout_exit ms","        if (Number(process.env.npm_config_timeout_exit)) {","            setTimeout(process.exit, Number(process.env.npm_config_timeout_exit));","        }","        // start server","        if (local.global.utility2_serverHttp1) {","            break;","        }","        process.env.PORT = process.env.PORT || '8081';","        console.error('server starting on port ' + process.env.PORT);","        local.http.createServer(function (request, response) {","            request.urlParsed = local.url.parse(request.url);","            if (local.assetsDict[request.urlParsed.pathname] !== undefined) {","                response.end(local.assetsDict[request.urlParsed.pathname]);","                return;","            }","            response.statusCode = 404;","            response.end();","        }).listen(process.env.PORT);","        break;","    }","}());",""],"l":{"26":2,"28":2,"33":2,"35":2,"37":2,"38":2,"39":2,"44":1,"51":2,"55":2,"59":2,"61":2,"69":1,"70":2,"76":2,"79":2,"82":2,"83":2,"85":1,"89":2,"92":1,"93":1,"94":1,"96":1,"97":1,"100":1,"101":1,"103":1,"106":1,"108":2,"114":1,"116":1,"118":1,"123":1,"124":2,"125":2,"126":3,"127":3,"128":3,"129":3,"130":1,"133":3,"134":3,"139":3,"143":1,"144":3,"145":1,"149":1,"150":1,"158":1,"160":1,"161":1,"162":1,"164":1,"166":1,"258":1,"259":1,"271":1,"274":6,"275":6,"277":1,"279":2,"281":1,"283":2,"288":1,"289":1,"291":1,"296":1,"303":1,"306":1,"307":1,"310":1,"311":1,"313":1,"314":1,"315":1,"316":1,"317":1,"318":1,"319":1,"321":1,"322":1,"324":1}},"/home/travis/build/npmtest/node-npmtest-homebridge-hue/node_modules/homebridge-hue/index.js":{"path":"/home/travis/build/npmtest/node-npmtest-homebridge-hue/node_modules/homebridge-hue/index.js","s":{"1":1,"2":1,"3":1,"4":1,"5":0,"6":0},"b":{},"f":{"1":0},"fnMap":{"1":{"name":"(anonymous_1)","line":13,"loc":{"start":{"line":13,"column":17},"end":{"line":13,"column":38}}}},"statementMap":{"1":{"start":{"line":8,"column":0},"end":{"line":8,"column":22}},"2":{"start":{"line":10,"column":0},"end":{"line":10,"column":55}},"3":{"start":{"line":11,"column":0},"end":{"line":11,"column":50}},"4":{"start":{"line":13,"column":0},"end":{"line":16,"column":2}},"5":{"start":{"line":14,"column":2},"end":{"line":14,"column":46}},"6":{"start":{"line":15,"column":2},"end":{"line":15,"column":77}}},"branchMap":{},"code":["// homebridge-hue/index.js","// Copyright © 2016, 2017 Erik Baauw. All rights reserved.","//","// Homebridge plug-in for Philips Hue.","","'use strict';","","const dynamic = false;","","const HuePlatformModule = require('./lib/HuePlatform');","const HuePlatform = HuePlatformModule.HuePlatform;","","module.exports = function(homebridge) {","  HuePlatformModule.setHomebridge(homebridge);","  homebridge.registerPlatform('homebridge-hue', 'Hue', HuePlatform, dynamic);","};",""],"l":{"8":1,"10":1,"11":1,"13":1,"14":0,"15":0}},"/home/travis/build/npmtest/node-npmtest-homebridge-hue/node_modules/homebridge-hue/lib/HuePlatform.js":{"path":"/home/travis/build/npmtest/node-npmtest-homebridge-hue/node_modules/homebridge-hue/lib/HuePlatform.js","s":{"1":1,"2":1,"3":1,"4":1,"5":1,"6":1,"7":1,"8":1,"9":1,"10":0,"11":0,"12":0,"13":0,"14":0,"15":0,"16":0,"17":0,"18":0,"19":1,"20":0,"21":0,"22":0,"23":0,"24":1,"25":1,"26":1,"27":1,"28":1,"29":0,"30":0,"31":0,"32":0,"33":0,"34":0,"35":0,"36":0,"37":0,"38":0,"39":0,"40":0,"41":0,"42":0,"43":0,"44":0,"45":0,"46":0,"47":0,"48":0,"49":0,"50":0,"51":0,"52":0,"53":0,"54":0,"55":0,"56":0,"57":0,"58":0,"59":0,"60":0,"61":0,"62":0,"63":0,"64":0,"65":0,"66":0,"67":0,"68":0,"69":0,"70":0,"71":0,"72":0,"73":0,"74":0,"75":0,"76":0,"77":0,"78":0,"79":0,"80":0,"81":0,"82":0,"83":0,"84":0,"85":0,"86":0,"87":0,"88":0,"89":0,"90":0,"91":0,"92":0,"93":0,"94":0,"95":0,"96":0,"97":0,"98":0,"99":0,"100":0,"101":0,"102":0,"103":0,"104":0,"105":0,"106":0,"107":0,"108":0,"109":0,"110":0,"111":0,"112":0,"113":0,"114":0,"115":0,"116":0,"117":0,"118":0,"119":0,"120":0,"121":0,"122":0,"123":0,"124":0,"125":0,"126":0,"127":0,"128":0,"129":0,"130":0,"131":0,"132":0,"133":0,"134":0,"135":0,"136":0,"137":0,"138":0,"139":0,"140":0,"141":0,"142":0,"143":0,"144":0,"145":0,"146":0,"147":0,"148":0,"149":0,"150":0,"151":0,"152":0,"153":0,"154":0,"155":0,"156":0,"157":0,"158":0,"159":0,"160":0,"161":1,"162":0,"163":0,"164":0,"165":0,"166":0,"167":0,"168":0,"169":0,"170":0,"171":0,"172":0,"173":0,"174":0,"175":0,"176":0,"177":0,"178":0,"179":0,"180":0,"181":0,"182":0,"183":0,"184":0,"185":0,"186":0,"187":0,"188":0,"189":0,"190":0,"191":0,"192":0,"193":0,"194":0,"195":0,"196":0,"197":0,"198":0,"199":0,"200":0,"201":0,"202":0,"203":0,"204":0,"205":0,"206":0,"207":0,"208":0,"209":0,"210":0,"211":0,"212":0,"213":0,"214":0,"215":0,"216":0,"217":0,"218":0,"219":0,"220":0,"221":0,"222":0,"223":0,"224":0,"225":1,"226":0,"227":0,"228":0,"229":0,"230":0,"231":0,"232":0,"233":0,"234":0,"235":0,"236":0,"237":0,"238":0,"239":0,"240":0,"241":0,"242":0,"243":0,"244":0,"245":0,"246":0,"247":1,"248":0,"249":0,"250":0,"251":0,"252":0,"253":0,"254":0,"255":0,"256":0,"257":0,"258":0,"259":0,"260":0,"261":1,"262":0,"263":0,"264":0,"265":0,"266":0,"267":0,"268":0,"269":0,"270":0,"271":0,"272":0,"273":0,"274":0,"275":0,"276":0,"277":0,"278":0,"279":0,"280":1,"281":0,"282":0,"283":0,"284":0,"285":0,"286":0,"287":0,"288":0,"289":0,"290":0,"291":0,"292":0,"293":0,"294":0,"295":0,"296":0,"297":0,"298":0,"299":0,"300":0,"301":0,"302":0,"303":0,"304":0,"305":0,"306":0,"307":0},"b":{"1":[0,0],"2":[0,0],"3":[0,0],"4":[0,0],"5":[0,0,0,0],"6":[0,0,0,0,0,0,0,0,0,0,0,0,0,0,0,0,0,0,0,0,0,0,0,0,0],"7":[0,0],"8":[0,0],"9":[0,0],"10":[0,0],"11":[0,0],"12":[0,0],"13":[0,0],"14":[0,0],"15":[0,0],"16":[0,0],"17":[0,0],"18":[0,0],"19":[0,0],"20":[0,0],"21":[0,0],"22":[0,0],"23":[0,0],"24":[0,0],"25":[0,0],"26":[0,0],"27":[0,0],"28":[0,0],"29":[0,0,0,0],"30":[0,0]},"f":{"1":0,"2":0,"3":0,"4":0,"5":0,"6":0,"7":0,"8":0,"9":0,"10":0,"11":0,"12":0,"13":0,"14":0,"15":0,"16":0,"17":0,"18":0,"19":0,"20":0,"21":0,"22":0,"23":0,"24":0,"25":0,"26":0,"27":0,"28":0,"29":0,"30":0,"31":0,"32":0,"33":0,"34":0,"35":0,"36":0,"37":0,"38":0,"39":0},"fnMap":{"1":{"name":"upnpParseMessage","line":31,"loc":{"start":{"line":31,"column":0},"end":{"line":31,"column":35}}},"2":{"name":"toIntBetween","line":46,"loc":{"start":{"line":46,"column":0},"end":{"line":46,"column":63}}},"3":{"name":"setHomebridge","line":61,"loc":{"start":{"line":61,"column":0},"end":{"line":61,"column":35}}},"4":{"name":"(anonymous_4)","line":71,"loc":{"start":{"line":71,"column":28},"end":{"line":71,"column":39}}},"5":{"name":"(anonymous_5)","line":82,"loc":{"start":{"line":82,"column":27},"end":{"line":82,"column":38}}},"6":{"name":"(anonymous_6)","line":94,"loc":{"start":{"line":94,"column":31},"end":{"line":94,"column":42}}},"7":{"name":"(anonymous_7)","line":105,"loc":{"start":{"line":105,"column":29},"end":{"line":105,"column":40}}},"8":{"name":"(anonymous_8)","line":121,"loc":{"start":{"line":121,"column":24},"end":{"line":121,"column":35}}},"9":{"name":"(anonymous_9)","line":132,"loc":{"start":{"line":132,"column":28},"end":{"line":132,"column":39}}},"10":{"name":"(anonymous_10)","line":143,"loc":{"start":{"line":143,"column":26},"end":{"line":143,"column":37}}},"11":{"name":"(anonymous_11)","line":158,"loc":{"start":{"line":158,"column":25},"end":{"line":158,"column":36}}},"12":{"name":"(anonymous_12)","line":170,"loc":{"start":{"line":170,"column":33},"end":{"line":170,"column":44}}},"13":{"name":"(anonymous_13)","line":183,"loc":{"start":{"line":183,"column":34},"end":{"line":183,"column":45}}},"14":{"name":"(anonymous_14)","line":196,"loc":{"start":{"line":196,"column":31},"end":{"line":196,"column":42}}},"15":{"name":"(anonymous_15)","line":213,"loc":{"start":{"line":213,"column":28},"end":{"line":213,"column":39}}},"16":{"name":"(anonymous_16)","line":231,"loc":{"start":{"line":231,"column":24},"end":{"line":231,"column":35}}},"17":{"name":"(anonymous_17)","line":245,"loc":{"start":{"line":245,"column":29},"end":{"line":245,"column":40}}},"18":{"name":"(anonymous_18)","line":260,"loc":{"start":{"line":260,"column":21},"end":{"line":260,"column":52}}},"19":{"name":"(anonymous_19)","line":272,"loc":{"start":{"line":272,"column":22},"end":{"line":272,"column":53}}},"20":{"name":"(anonymous_20)","line":283,"loc":{"start":{"line":283,"column":19},"end":{"line":283,"column":50}}},"21":{"name":"(anonymous_21)","line":292,"loc":{"start":{"line":292,"column":36},"end":{"line":292,"column":47}}},"22":{"name":"(anonymous_22)","line":312,"loc":{"start":{"line":312,"column":22},"end":{"line":312,"column":33}}},"23":{"name":"(anonymous_23)","line":334,"loc":{"start":{"line":334,"column":28},"end":{"line":334,"column":39}}},"24":{"name":"HuePlatform","line":352,"loc":{"start":{"line":352,"column":0},"end":{"line":352,"column":39}}},"25":{"name":"(anonymous_25)","line":488,"loc":{"start":{"line":488,"column":36},"end":{"line":488,"column":55}}},"26":{"name":"(anonymous_26)","line":490,"loc":{"start":{"line":490,"column":25},"end":{"line":490,"column":45}}},"27":{"name":"(anonymous_27)","line":494,"loc":{"start":{"line":494,"column":20},"end":{"line":494,"column":35}}},"28":{"name":"(anonymous_28)","line":498,"loc":{"start":{"line":498,"column":21},"end":{"line":498,"column":33}}},"29":{"name":"(anonymous_29)","line":502,"loc":{"start":{"line":502,"column":18},"end":{"line":502,"column":29}}},"30":{"name":"(anonymous_30)","line":516,"loc":{"start":{"line":516,"column":9},"end":{"line":516,"column":23}}},"31":{"name":"(anonymous_31)","line":525,"loc":{"start":{"line":525,"column":36},"end":{"line":525,"column":47}}},"32":{"name":"(anonymous_32)","line":534,"loc":{"start":{"line":534,"column":55},"end":{"line":534,"column":71}}},"33":{"name":"(anonymous_33)","line":547,"loc":{"start":{"line":547,"column":36},"end":{"line":547,"column":47}}},"34":{"name":"(anonymous_34)","line":557,"loc":{"start":{"line":557,"column":22},"end":{"line":557,"column":60}}},"35":{"name":"(anonymous_35)","line":583,"loc":{"start":{"line":583,"column":35},"end":{"line":583,"column":46}}},"36":{"name":"(anonymous_36)","line":600,"loc":{"start":{"line":600,"column":23},"end":{"line":600,"column":48}}},"37":{"name":"(anonymous_37)","line":618,"loc":{"start":{"line":618,"column":21},"end":{"line":618,"column":35}}},"38":{"name":"(anonymous_38)","line":623,"loc":{"start":{"line":623,"column":25},"end":{"line":623,"column":36}}},"39":{"name":"(anonymous_39)","line":628,"loc":{"start":{"line":628,"column":15},"end":{"line":628,"column":27}}}},"statementMap":{"1":{"start":{"line":16,"column":0},"end":{"line":16,"column":37}},"2":{"start":{"line":17,"column":0},"end":{"line":17,"column":31}},"3":{"start":{"line":18,"column":0},"end":{"line":18,"column":35}},"4":{"start":{"line":19,"column":0},"end":{"line":19,"column":29}},"5":{"start":{"line":21,"column":0},"end":{"line":21,"column":47}},"6":{"start":{"line":22,"column":0},"end":{"line":22,"column":44}},"7":{"start":{"line":23,"column":0},"end":{"line":23,"column":49}},"8":{"start":{"line":25,"column":0},"end":{"line":28,"column":2}},"9":{"start":{"line":31,"column":0},"end":{"line":44,"column":1}},"10":{"start":{"line":32,"column":2},"end":{"line":32,"column":17}},"11":{"start":{"line":33,"column":2},"end":{"line":33,"column":49}},"12":{"start":{"line":34,"column":2},"end":{"line":42,"column":3}},"13":{"start":{"line":35,"column":4},"end":{"line":35,"column":26}},"14":{"start":{"line":36,"column":4},"end":{"line":41,"column":5}},"15":{"start":{"line":37,"column":6},"end":{"line":37,"column":45}},"16":{"start":{"line":38,"column":6},"end":{"line":40,"column":7}},"17":{"start":{"line":39,"column":8},"end":{"line":39,"column":49}},"18":{"start":{"line":43,"column":2},"end":{"line":43,"column":13}},"19":{"start":{"line":46,"column":0},"end":{"line":52,"column":1}},"20":{"start":{"line":47,"column":2},"end":{"line":47,"column":26}},"21":{"start":{"line":48,"column":2},"end":{"line":50,"column":3}},"22":{"start":{"line":49,"column":4},"end":{"line":49,"column":24}},"23":{"start":{"line":51,"column":2},"end":{"line":51,"column":11}},"24":{"start":{"line":56,"column":0},"end":{"line":56,"column":14}},"25":{"start":{"line":57,"column":0},"end":{"line":57,"column":12}},"26":{"start":{"line":58,"column":0},"end":{"line":58,"column":19}},"27":{"start":{"line":59,"column":0},"end":{"line":59,"column":22}},"28":{"start":{"line":61,"column":0},"end":{"line":348,"column":1}},"29":{"start":{"line":62,"column":2},"end":{"line":62,"column":43}},"30":{"start":{"line":63,"column":2},"end":{"line":63,"column":35}},"31":{"start":{"line":64,"column":2},"end":{"line":64,"column":49}},"32":{"start":{"line":65,"column":2},"end":{"line":65,"column":47}},"33":{"start":{"line":67,"column":2},"end":{"line":67,"column":58}},"34":{"start":{"line":68,"column":2},"end":{"line":68,"column":58}},"35":{"start":{"line":69,"column":2},"end":{"line":69,"column":56}},"36":{"start":{"line":71,"column":2},"end":{"line":78,"column":4}},"37":{"start":{"line":72,"column":4},"end":{"line":72,"column":72}},"38":{"start":{"line":73,"column":4},"end":{"line":76,"column":7}},"39":{"start":{"line":77,"column":4},"end":{"line":77,"column":40}},"40":{"start":{"line":79,"column":2},"end":{"line":79,"column":57}},"41":{"start":{"line":80,"column":2},"end":{"line":80,"column":72}},"42":{"start":{"line":82,"column":2},"end":{"line":90,"column":4}},"43":{"start":{"line":83,"column":4},"end":{"line":83,"column":70}},"44":{"start":{"line":84,"column":4},"end":{"line":88,"column":7}},"45":{"start":{"line":89,"column":4},"end":{"line":89,"column":40}},"46":{"start":{"line":91,"column":2},"end":{"line":91,"column":56}},"47":{"start":{"line":92,"column":2},"end":{"line":92,"column":71}},"48":{"start":{"line":94,"column":2},"end":{"line":101,"column":4}},"49":{"start":{"line":95,"column":4},"end":{"line":95,"column":79}},"50":{"start":{"line":96,"column":4},"end":{"line":99,"column":7}},"51":{"start":{"line":100,"column":4},"end":{"line":100,"column":40}},"52":{"start":{"line":102,"column":2},"end":{"line":102,"column":60}},"53":{"start":{"line":103,"column":2},"end":{"line":103,"column":75}},"54":{"start":{"line":105,"column":2},"end":{"line":117,"column":4}},"55":{"start":{"line":106,"column":4},"end":{"line":106,"column":74}},"56":{"start":{"line":107,"column":4},"end":{"line":115,"column":7}},"57":{"start":{"line":116,"column":4},"end":{"line":116,"column":40}},"58":{"start":{"line":118,"column":2},"end":{"line":118,"column":58}},"59":{"start":{"line":119,"column":2},"end":{"line":119,"column":73}},"60":{"start":{"line":121,"column":2},"end":{"line":128,"column":4}},"61":{"start":{"line":122,"column":4},"end":{"line":122,"column":64}},"62":{"start":{"line":123,"column":4},"end":{"line":126,"column":7}},"63":{"start":{"line":127,"column":4},"end":{"line":127,"column":40}},"64":{"start":{"line":129,"column":2},"end":{"line":129,"column":53}},"65":{"start":{"line":130,"column":2},"end":{"line":130,"column":68}},"66":{"start":{"line":132,"column":2},"end":{"line":139,"column":4}},"67":{"start":{"line":133,"column":4},"end":{"line":133,"column":72}},"68":{"start":{"line":134,"column":4},"end":{"line":137,"column":7}},"69":{"start":{"line":138,"column":4},"end":{"line":138,"column":40}},"70":{"start":{"line":140,"column":2},"end":{"line":140,"column":57}},"71":{"start":{"line":141,"column":2},"end":{"line":141,"column":72}},"72":{"start":{"line":143,"column":2},"end":{"line":154,"column":4}},"73":{"start":{"line":144,"column":4},"end":{"line":144,"column":68}},"74":{"start":{"line":145,"column":4},"end":{"line":152,"column":7}},"75":{"start":{"line":153,"column":4},"end":{"line":153,"column":40}},"76":{"start":{"line":155,"column":2},"end":{"line":155,"column":55}},"77":{"start":{"line":156,"column":2},"end":{"line":156,"column":70}},"78":{"start":{"line":158,"column":2},"end":{"line":166,"column":4}},"79":{"start":{"line":159,"column":4},"end":{"line":159,"column":67}},"80":{"start":{"line":160,"column":4},"end":{"line":164,"column":7}},"81":{"start":{"line":165,"column":4},"end":{"line":165,"column":40}},"82":{"start":{"line":167,"column":2},"end":{"line":167,"column":54}},"83":{"start":{"line":168,"column":2},"end":{"line":168,"column":69}},"84":{"start":{"line":170,"column":2},"end":{"line":179,"column":4}},"85":{"start":{"line":171,"column":4},"end":{"line":173,"column":6}},"86":{"start":{"line":174,"column":4},"end":{"line":177,"column":7}},"87":{"start":{"line":178,"column":4},"end":{"line":178,"column":40}},"88":{"start":{"line":180,"column":2},"end":{"line":180,"column":62}},"89":{"start":{"line":181,"column":2},"end":{"line":181,"column":77}},"90":{"start":{"line":183,"column":2},"end":{"line":192,"column":4}},"91":{"start":{"line":184,"column":4},"end":{"line":186,"column":6}},"92":{"start":{"line":187,"column":4},"end":{"line":190,"column":7}},"93":{"start":{"line":191,"column":4},"end":{"line":191,"column":40}},"94":{"start":{"line":193,"column":2},"end":{"line":193,"column":63}},"95":{"start":{"line":194,"column":2},"end":{"line":194,"column":78}},"96":{"start":{"line":196,"column":2},"end":{"line":209,"column":4}},"97":{"start":{"line":197,"column":4},"end":{"line":199,"column":6}},"98":{"start":{"line":200,"column":4},"end":{"line":207,"column":7}},"99":{"start":{"line":208,"column":4},"end":{"line":208,"column":40}},"100":{"start":{"line":210,"column":2},"end":{"line":210,"column":60}},"101":{"start":{"line":211,"column":2},"end":{"line":211,"column":75}},"102":{"start":{"line":213,"column":2},"end":{"line":227,"column":4}},"103":{"start":{"line":214,"column":4},"end":{"line":216,"column":6}},"104":{"start":{"line":217,"column":4},"end":{"line":225,"column":7}},"105":{"start":{"line":226,"column":4},"end":{"line":226,"column":40}},"106":{"start":{"line":228,"column":2},"end":{"line":228,"column":57}},"107":{"start":{"line":229,"column":2},"end":{"line":229,"column":72}},"108":{"start":{"line":231,"column":2},"end":{"line":241,"column":4}},"109":{"start":{"line":232,"column":4},"end":{"line":234,"column":6}},"110":{"start":{"line":235,"column":4},"end":{"line":239,"column":7}},"111":{"start":{"line":240,"column":4},"end":{"line":240,"column":40}},"112":{"start":{"line":242,"column":2},"end":{"line":242,"column":53}},"113":{"start":{"line":243,"column":2},"end":{"line":243,"column":68}},"114":{"start":{"line":245,"column":2},"end":{"line":255,"column":4}},"115":{"start":{"line":246,"column":4},"end":{"line":248,"column":6}},"116":{"start":{"line":249,"column":4},"end":{"line":253,"column":7}},"117":{"start":{"line":254,"column":4},"end":{"line":254,"column":40}},"118":{"start":{"line":256,"column":2},"end":{"line":256,"column":58}},"119":{"start":{"line":257,"column":2},"end":{"line":257,"column":73}},"120":{"start":{"line":260,"column":2},"end":{"line":267,"column":4}},"121":{"start":{"line":261,"column":4},"end":{"line":261,"column":68}},"122":{"start":{"line":262,"column":4},"end":{"line":262,"column":51}},"123":{"start":{"line":263,"column":4},"end":{"line":263,"column":65}},"124":{"start":{"line":264,"column":4},"end":{"line":264,"column":66}},"125":{"start":{"line":265,"column":4},"end":{"line":265,"column":64}},"126":{"start":{"line":266,"column":4},"end":{"line":266,"column":60}},"127":{"start":{"line":268,"column":2},"end":{"line":268,"column":43}},"128":{"start":{"line":269,"column":2},"end":{"line":269,"column":65}},"129":{"start":{"line":272,"column":2},"end":{"line":278,"column":4}},"130":{"start":{"line":273,"column":4},"end":{"line":273,"column":69}},"131":{"start":{"line":274,"column":4},"end":{"line":274,"column":53}},"132":{"start":{"line":275,"column":4},"end":{"line":275,"column":55}},"133":{"start":{"line":276,"column":4},"end":{"line":276,"column":56}},"134":{"start":{"line":277,"column":4},"end":{"line":277,"column":61}},"135":{"start":{"line":279,"column":2},"end":{"line":279,"column":44}},"136":{"start":{"line":280,"column":2},"end":{"line":280,"column":66}},"137":{"start":{"line":283,"column":2},"end":{"line":286,"column":4}},"138":{"start":{"line":284,"column":4},"end":{"line":284,"column":66}},"139":{"start":{"line":285,"column":4},"end":{"line":285,"column":50}},"140":{"start":{"line":287,"column":2},"end":{"line":287,"column":41}},"141":{"start":{"line":288,"column":2},"end":{"line":288,"column":63}},"142":{"start":{"line":292,"column":2},"end":{"line":306,"column":4}},"143":{"start":{"line":293,"column":4},"end":{"line":295,"column":6}},"144":{"start":{"line":296,"column":4},"end":{"line":304,"column":7}},"145":{"start":{"line":305,"column":4},"end":{"line":305,"column":40}},"146":{"start":{"line":307,"column":2},"end":{"line":307,"column":65}},"147":{"start":{"line":308,"column":2},"end":{"line":308,"column":80}},"148":{"start":{"line":312,"column":2},"end":{"line":326,"column":4}},"149":{"start":{"line":313,"column":4},"end":{"line":315,"column":6}},"150":{"start":{"line":316,"column":4},"end":{"line":324,"column":7}},"151":{"start":{"line":325,"column":4},"end":{"line":325,"column":40}},"152":{"start":{"line":327,"column":2},"end":{"line":327,"column":51}},"153":{"start":{"line":328,"column":2},"end":{"line":328,"column":66}},"154":{"start":{"line":334,"column":2},"end":{"line":343,"column":4}},"155":{"start":{"line":335,"column":4},"end":{"line":337,"column":6}},"156":{"start":{"line":338,"column":4},"end":{"line":341,"column":7}},"157":{"start":{"line":342,"column":4},"end":{"line":342,"column":40}},"158":{"start":{"line":344,"column":2},"end":{"line":344,"column":57}},"159":{"start":{"line":345,"column":2},"end":{"line":345,"column":72}},"160":{"start":{"line":347,"column":2},"end":{"line":347,"column":44}},"161":{"start":{"line":352,"column":0},"end":{"line":486,"column":1}},"162":{"start":{"line":353,"column":2},"end":{"line":353,"column":17}},"163":{"start":{"line":354,"column":2},"end":{"line":354,"column":17}},"164":{"start":{"line":355,"column":2},"end":{"line":375,"column":4}},"165":{"start":{"line":376,"column":2},"end":{"line":479,"column":3}},"166":{"start":{"line":377,"column":4},"end":{"line":377,"column":30}},"167":{"start":{"line":378,"column":4},"end":{"line":478,"column":5}},"168":{"start":{"line":380,"column":8},"end":{"line":380,"column":46}},"169":{"start":{"line":381,"column":8},"end":{"line":381,"column":14}},"170":{"start":{"line":383,"column":8},"end":{"line":391,"column":9}},"171":{"start":{"line":384,"column":10},"end":{"line":386,"column":11}},"172":{"start":{"line":385,"column":12},"end":{"line":385,"column":56}},"173":{"start":{"line":388,"column":10},"end":{"line":390,"column":12}},"174":{"start":{"line":392,"column":8},"end":{"line":392,"column":14}},"175":{"start":{"line":394,"column":8},"end":{"line":394,"column":50}},"176":{"start":{"line":395,"column":8},"end":{"line":395,"column":14}},"177":{"start":{"line":397,"column":8},"end":{"line":397,"column":50}},"178":{"start":{"line":398,"column":8},"end":{"line":398,"column":14}},"179":{"start":{"line":400,"column":8},"end":{"line":402,"column":10}},"180":{"start":{"line":403,"column":8},"end":{"line":403,"column":14}},"181":{"start":{"line":406,"column":8},"end":{"line":414,"column":9}},"182":{"start":{"line":407,"column":10},"end":{"line":411,"column":11}},"183":{"start":{"line":408,"column":12},"end":{"line":410,"column":13}},"184":{"start":{"line":409,"column":14},"end":{"line":409,"column":43}},"185":{"start":{"line":412,"column":15},"end":{"line":414,"column":9}},"186":{"start":{"line":413,"column":10},"end":{"line":413,"column":40}},"187":{"start":{"line":415,"column":8},"end":{"line":415,"column":14}},"188":{"start":{"line":417,"column":8},"end":{"line":417,"column":50}},"189":{"start":{"line":418,"column":8},"end":{"line":418,"column":14}},"190":{"start":{"line":420,"column":8},"end":{"line":420,"column":54}},"191":{"start":{"line":421,"column":8},"end":{"line":421,"column":14}},"192":{"start":{"line":423,"column":8},"end":{"line":425,"column":10}},"193":{"start":{"line":426,"column":8},"end":{"line":426,"column":14}},"194":{"start":{"line":428,"column":8},"end":{"line":428,"column":26}},"195":{"start":{"line":429,"column":8},"end":{"line":429,"column":14}},"196":{"start":{"line":431,"column":8},"end":{"line":433,"column":10}},"197":{"start":{"line":434,"column":8},"end":{"line":434,"column":14}},"198":{"start":{"line":436,"column":8},"end":{"line":436,"column":57}},"199":{"start":{"line":437,"column":8},"end":{"line":437,"column":14}},"200":{"start":{"line":439,"column":8},"end":{"line":439,"column":14}},"201":{"start":{"line":441,"column":8},"end":{"line":441,"column":49}},"202":{"start":{"line":442,"column":8},"end":{"line":442,"column":14}},"203":{"start":{"line":444,"column":8},"end":{"line":444,"column":49}},"204":{"start":{"line":445,"column":8},"end":{"line":445,"column":14}},"205":{"start":{"line":447,"column":8},"end":{"line":447,"column":53}},"206":{"start":{"line":448,"column":8},"end":{"line":448,"column":14}},"207":{"start":{"line":450,"column":8},"end":{"line":450,"column":51}},"208":{"start":{"line":451,"column":8},"end":{"line":451,"column":14}},"209":{"start":{"line":453,"column":8},"end":{"line":455,"column":10}},"210":{"start":{"line":456,"column":8},"end":{"line":456,"column":14}},"211":{"start":{"line":458,"column":8},"end":{"line":458,"column":34}},"212":{"start":{"line":459,"column":8},"end":{"line":459,"column":14}},"213":{"start":{"line":461,"column":8},"end":{"line":463,"column":10}},"214":{"start":{"line":464,"column":8},"end":{"line":464,"column":14}},"215":{"start":{"line":466,"column":8},"end":{"line":466,"column":68}},"216":{"start":{"line":467,"column":8},"end":{"line":467,"column":14}},"217":{"start":{"line":469,"column":8},"end":{"line":471,"column":10}},"218":{"start":{"line":472,"column":8},"end":{"line":472,"column":14}},"219":{"start":{"line":474,"column":8},"end":{"line":474,"column":54}},"220":{"start":{"line":475,"column":8},"end":{"line":475,"column":14}},"221":{"start":{"line":477,"column":8},"end":{"line":477,"column":78}},"222":{"start":{"line":480,"column":2},"end":{"line":480,"column":22}},"223":{"start":{"line":481,"column":2},"end":{"line":481,"column":20}},"224":{"start":{"line":482,"column":2},"end":{"line":485,"column":4}},"225":{"start":{"line":488,"column":0},"end":{"line":522,"column":2}},"226":{"start":{"line":489,"column":2},"end":{"line":489,"column":25}},"227":{"start":{"line":490,"column":2},"end":{"line":521,"column":16}},"228":{"start":{"line":491,"column":4},"end":{"line":491,"column":50}},"229":{"start":{"line":492,"column":4},"end":{"line":492,"column":30}},"230":{"start":{"line":493,"column":4},"end":{"line":493,"column":32}},"231":{"start":{"line":495,"column":4},"end":{"line":497,"column":5}},"232":{"start":{"line":496,"column":6},"end":{"line":496,"column":28}},"233":{"start":{"line":499,"column":4},"end":{"line":509,"column":5}},"234":{"start":{"line":501,"column":6},"end":{"line":501,"column":20}},"235":{"start":{"line":502,"column":6},"end":{"line":508,"column":26}},"236":{"start":{"line":503,"column":8},"end":{"line":503,"column":18}},"237":{"start":{"line":504,"column":8},"end":{"line":504,"column":30}},"238":{"start":{"line":505,"column":8},"end":{"line":507,"column":9}},"239":{"start":{"line":506,"column":10},"end":{"line":506,"column":33}},"240":{"start":{"line":510,"column":4},"end":{"line":513,"column":5}},"241":{"start":{"line":511,"column":6},"end":{"line":511,"column":36}},"242":{"start":{"line":512,"column":6},"end":{"line":512,"column":66}},"243":{"start":{"line":514,"column":4},"end":{"line":514,"column":28}},"244":{"start":{"line":517,"column":4},"end":{"line":519,"column":5}},"245":{"start":{"line":518,"column":6},"end":{"line":518,"column":34}},"246":{"start":{"line":520,"column":4},"end":{"line":520,"column":19}},"247":{"start":{"line":525,"column":0},"end":{"line":544,"column":2}},"248":{"start":{"line":526,"column":2},"end":{"line":532,"column":3}},"249":{"start":{"line":527,"column":4},"end":{"line":527,"column":20}},"250":{"start":{"line":528,"column":4},"end":{"line":530,"column":5}},"251":{"start":{"line":529,"column":6},"end":{"line":529,"column":22}},"252":{"start":{"line":531,"column":4},"end":{"line":531,"column":26}},"253":{"start":{"line":533,"column":2},"end":{"line":533,"column":23}},"254":{"start":{"line":534,"column":2},"end":{"line":542,"column":16}},"255":{"start":{"line":535,"column":4},"end":{"line":535,"column":19}},"256":{"start":{"line":536,"column":4},"end":{"line":540,"column":5}},"257":{"start":{"line":537,"column":6},"end":{"line":539,"column":7}},"258":{"start":{"line":538,"column":8},"end":{"line":538,"column":23}},"259":{"start":{"line":541,"column":4},"end":{"line":541,"column":32}},"260":{"start":{"line":543,"column":2},"end":{"line":543,"column":19}},"261":{"start":{"line":547,"column":0},"end":{"line":580,"column":2}},"262":{"start":{"line":548,"column":2},"end":{"line":548,"column":23}},"263":{"start":{"line":549,"column":2},"end":{"line":549,"column":18}},"264":{"start":{"line":550,"column":2},"end":{"line":555,"column":4}},"265":{"start":{"line":556,"column":2},"end":{"line":556,"column":51}},"266":{"start":{"line":557,"column":2},"end":{"line":578,"column":16}},"267":{"start":{"line":558,"column":4},"end":{"line":561,"column":5}},"268":{"start":{"line":559,"column":6},"end":{"line":559,"column":73}},"269":{"start":{"line":560,"column":6},"end":{"line":560,"column":32}},"270":{"start":{"line":562,"column":4},"end":{"line":565,"column":5}},"271":{"start":{"line":563,"column":6},"end":{"line":563,"column":71}},"272":{"start":{"line":564,"column":6},"end":{"line":564,"column":43}},"273":{"start":{"line":566,"column":4},"end":{"line":576,"column":5}},"274":{"start":{"line":567,"column":6},"end":{"line":567,"column":61}},"275":{"start":{"line":569,"column":6},"end":{"line":575,"column":7}},"276":{"start":{"line":570,"column":8},"end":{"line":573,"column":10}},"277":{"start":{"line":574,"column":8},"end":{"line":574,"column":44}},"278":{"start":{"line":577,"column":4},"end":{"line":577,"column":27}},"279":{"start":{"line":579,"column":2},"end":{"line":579,"column":19}},"280":{"start":{"line":583,"column":0},"end":{"line":638,"column":2}},"281":{"start":{"line":584,"column":2},"end":{"line":584,"column":23}},"282":{"start":{"line":585,"column":2},"end":{"line":585,"column":18}},"283":{"start":{"line":586,"column":2},"end":{"line":586,"column":17}},"284":{"start":{"line":587,"column":2},"end":{"line":590,"column":4}},"285":{"start":{"line":591,"column":2},"end":{"line":591,"column":44}},"286":{"start":{"line":592,"column":2},"end":{"line":599,"column":18}},"287":{"start":{"line":600,"column":2},"end":{"line":617,"column":16}},"288":{"start":{"line":601,"column":4},"end":{"line":601,"column":47}},"289":{"start":{"line":602,"column":4},"end":{"line":616,"column":5}},"290":{"start":{"line":607,"column":6},"end":{"line":607,"column":38}},"291":{"start":{"line":608,"column":6},"end":{"line":608,"column":48}},"292":{"start":{"line":609,"column":6},"end":{"line":615,"column":7}},"293":{"start":{"line":610,"column":8},"end":{"line":612,"column":10}},"294":{"start":{"line":613,"column":8},"end":{"line":613,"column":34}},"295":{"start":{"line":614,"column":8},"end":{"line":614,"column":29}},"296":{"start":{"line":618,"column":2},"end":{"line":622,"column":16}},"297":{"start":{"line":619,"column":4},"end":{"line":619,"column":54}},"298":{"start":{"line":620,"column":4},"end":{"line":620,"column"
[...]
debug(","      '%s: sensor sensitivity changed from %s to %s', this.name,","      old.obj.config.sensitivity, this.obj.config.sensitivity","    );","  }","  if (this.obj.state.lastupdated !== old.obj.state.lastupdated) {","    this.service","      .updateCharacteristic(Characteristic.LastUpdated, this.hk.lastupdated);","  }","  if (this.obj.config.on !== old.obj.config.on) {","    this.log.debug(","      '%s: sensor on changed from %s to %s', this.name,","      old.obj.config.on, this.obj.config.on","    );","  }","  if (this.hk.enabled !== old.hk.enabled) {","    this.log.info(","      '%s: set homekit enabled from %s to %s', this.name,","      old.hk.enabled, this.hk.enabled","    );","    this.service","      .updateCharacteristic(Characteristic.Enabled, this.hk.enabled)","      .updateCharacteristic(Characteristic.StatusActive, this.hk.enabled);","  }","  if (","    this.obj.config.reachable !== undefined &&","    this.obj.config.reachable !== old.obj.config.reachable","  ) {","    this.log.debug(","      '%s: sensor reachable changed from %s to %s', this.name,","      old.obj.config.reachable, this.obj.config.reachable","    );","  }","  if (this.hk.fault !== old.hk.fault) {","    this.log.info(","      '%s: set homekit status fault from %s to %s', this.name,","      old.hk.fault, this.hk.fault","    );","    this.service","      .updateCharacteristic(Characteristic.StatusFault, this.hk.fault);","  }","  if (this.hk.sensitivity !== old.hk.sensitivity) {","    this.log.info(","      '%s: set homekit sensitivity from %s to %s', this.name,","      old.hk.sensitivity, this.hk.sensitivity","    );","    this.service","      .updateCharacteristic(Characteristic.Sensitivity, this.hk.sensitivity);","  }","  if (","    this.obj.config.battery !== undefined &&","    this.obj.config.battery != old.obj.config.battery","  ) {","    this.log.debug(","      '%s: sensor battery changed from %s to %s', this.name,","      old.obj.config.battery, this.obj.config.battery);","  }","  if (this.hk.battery !== old.hk.battery) {","    this.log.info(","      '%s: set homekit battery level from %s%% to %s%%', this.name,","      old.hk.battery, this.hk.battery","    );","    this.batteryService","      .updateCharacteristic(Characteristic.BatteryLevel, this.hk.battery)","      .updateCharacteristic(","        Characteristic.StatusLowBattery, this.hk.lowBattery","      );","  }","};","","// ===== Homekit Events ========================================================","","HueSensor.prototype.identify = function(callback) {","  this.log.info('%s: identify', this.name);","  if (this.obj.config.alert === undefined) {","    return callback();","  }","  this.bridge.request('put', this.resource + '/config', {alert: 'select'})","  .then(function(obj) {","    return callback();","  }.bind(this))","  .catch(function(err) {","    return callback(new Error(err));","  }.bind(this));","};","","HueSensor.prototype.setValue = function(value, callback) {","  if (value === this.hk.value) {","    return callback();","  }","  this.log.info(","    '%s: homekit %s changed from %s%s to %s%s', this.name,","    this.type.name,\tthis.hk.value, this.type.unit, value, this.type.unit","  );","  this.hk.value = value;","  const newValue = this.type.bridgeValue(value);","  const body = {};","  body[this.type.key] = newValue;","  this.bridge.request('put', this.resource + '/state', body)","  .then(function(obj) {","    this.obj.state[this.type.key] = newValue;","    this.value = newValue;","    return callback();","  }.bind(this))","  .catch(function(err) {","    return callback(new Error(err));","  }.bind(this));","};","","HueSensor.prototype.setEnabled = function(enabled, callback) {","  enabled = enabled ? 1 : 0;","  if (enabled === this.hk.enabled) {","    return callback();","  }","  this.log.info(","    '%s: homekit enabled changed from %s to %s', this.name,","  \tthis.hk.enabled, enabled","  );","  this.hk.enabled = enabled;","  const on = this.hk.enabled ? true : false;","  this.bridge.request('put', this.resource + '/config', {on: on})","  .then(function(obj) {","    this.obj.config.on = on;","    this.service","      .updateCharacteristic(Characteristic.StatusActive, this.hk.enabled);","    return callback();","  }.bind(this))","  .catch(function(err) {","    return callback(new Error(err));","  }.bind(this));","};","","HueSensor.prototype.setSensitivity = function(sensitivity, callback) {","  if (sensitivity === this.hk.sensitivity) {","    return callback();","  }","  this.log.info(","    '%s: homekit sensitivity changed from %s to %s', this.name,","  \tthis.hk.sensitivity, sensitivity","  );","  this.hk.sensitivity = sensitivity;","  this.bridge.request(","    'put', this.resource + '/config', {sensitivity: sensitivity}","  )","  .then(function(obj) {","    this.obj.config.sensitivity = sensitivity;","    return callback();","  }.bind(this))","  .catch(function(err) {","    return callback(new Error(err));","  }.bind(this));","};","","HueSensor.prototype.setDuration = function(duration, callback) {","  if (duration === this.hk.duration) {","    return callback();","  }","  this.log.info(","    '%s: homekit duration changed from %sm to %sm', this.name,","  \tthis.hk.duration, duration","  );","  this.hk.duration = duration;","  this.duration = duration * 60000;","  return callback();","};",""],"l":{"10":1,"13":1,"21":1,"22":1,"23":1,"25":1,"26":0,"27":0,"28":0,"31":1,"32":0,"33":0,"34":0,"40":1,"41":0,"42":0,"43":0,"44":0,"45":0,"47":0,"49":0,"52":0,"54":0,"56":0,"62":1,"64":0,"65":0,"66":0,"67":0,"68":0,"70":0,"72":0,"73":0,"74":0,"77":0,"78":0,"79":0,"81":0,"82":0,"85":0,"86":0,"88":0,"89":0,"90":0,"93":0,"94":0,"99":0,"101":0,"103":0,"104":0,"106":0,"107":0,"109":0,"111":0,"112":0,"113":0,"116":0,"117":0,"126":0,"128":0,"130":0,"131":0,"133":0,"136":0,"138":0,"139":0,"144":0,"146":0,"150":0,"151":0,"157":0,"159":0,"163":0,"164":0,"171":0,"173":0,"174":0,"179":0,"181":0,"184":0,"185":0,"190":0,"192":0,"194":0,"195":0,"200":0,"202":0,"204":0,"205":0,"206":0,"207":0,"212":0,"214":0,"216":0,"217":0,"222":0,"223":0,"226":0,"228":0,"229":0,"234":0,"235":0,"238":0,"240":0,"241":0,"243":0,"246":0,"248":0,"252":0,"254":0,"258":0,"261":0,"266":0,"267":0,"268":0,"269":0,"270":0,"271":0,"272":0,"274":0,"275":0,"276":0,"279":0,"280":0,"281":0,"284":0,"285":0,"286":0,"289":0,"290":0,"292":0,"293":0,"296":0,"297":0,"299":0,"300":0,"301":0,"304":0,"305":0,"306":0,"309":0,"310":0,"311":0,"312":0,"316":0,"317":0,"319":0,"320":0,"321":0,"329":1,"330":0,"331":0,"333":0,"337":1,"338":0,"339":0,"340":0,"341":0,"342":0,"344":0,"345":0,"347":0,"349":0,"350":0,"351":0,"352":0,"353":0,"355":0,"356":0,"360":0,"365":1,"366":0,"367":0,"369":0,"374":0,"375":0,"376":0,"377":0,"378":0,"382":0,"383":0,"384":0,"388":0,"394":0,"395":0,"400":0,"401":0,"402":0,"403":0,"405":0,"406":0,"411":0,"417":0,"418":0,"423":0,"424":0,"428":0,"433":0,"438":0,"439":0,"444":0,"445":0,"449":0,"451":0,"452":0,"457":0,"458":0,"462":0,"465":0,"466":0,"471":0,"472":0,"475":0,"476":0,"481":0,"482":0,"486":0,"490":0,"494":0,"499":0,"500":0,"504":0,"507":0,"508":0,"512":0,"515":0,"519":0,"523":0,"524":0,"528":0,"538":1,"539":0,"540":0,"541":0,"543":0,"545":0,"548":0,"552":1,"553":0,"554":0,"556":0,"560":0,"561":0,"562":0,"563":0,"564":0,"566":0,"567":0,"568":0,"571":0,"575":1,"576":0,"577":0,"578":0,"580":0,"584":0,"585":0,"586":0,"588":0,"589":0,"591":0,"594":0,"598":1,"599":0,"600":0,"602":0,"606":0,"607":0,"611":0,"612":0,"615":0,"619":1,"620":0,"621":0,"623":0,"627":0,"628":0,"629":0}},"/home/travis/build/npmtest/node-npmtest-homebridge-hue/node_modules/homebridge-hue/lib/HueSchedule.js":{"path":"/home/travis/build/npmtest/node-npmtest-homebridge-hue/node_modules/homebridge-hue/lib/HueSchedule.js","s":{"1":1,"2":1,"3":1,"4":1,"5":1,"6":0,"7":0,"8":0,"9":1,"10":0,"11":0,"12":0,"13":0,"14":0,"15":0,"16":0,"17":0,"18":0,"19":0,"20":0,"21":0,"22":0,"23":0,"24":0,"25":1,"26":0,"27":1,"28":0,"29":0,"30":0,"31":0,"32":0,"33":1,"34":0,"35":0,"36":0,"37":0,"38":0,"39":0,"40":0,"41":0,"42":0,"43":1,"44":0,"45":0,"46":1,"47":0,"48":0,"49":0,"50":0,"51":0,"52":0,"53":0,"54":0,"55":0,"56":0,"57":0},"b":{"1":[0,0],"2":[0,0],"3":[0,0],"4":[0,0],"5":[0,0],"6":[0,0],"7":[0,0],"8":[0,0],"9":[0,0],"10":[0,0],"11":[0,0]},"f":{"1":0,"2":0,"3":0,"4":0,"5":0,"6":0,"7":0,"8":0,"9":0},"fnMap":{"1":{"name":"setHomebridge","line":21,"loc":{"start":{"line":21,"column":0},"end":{"line":21,"column":35}}},"2":{"name":"HueSchedule","line":29,"loc":{"start":{"line":29,"column":0},"end":{"line":29,"column":44}}},"3":{"name":"(anonymous_3)","line":63,"loc":{"start":{"line":63,"column":36},"end":{"line":63,"column":47}}},"4":{"name":"(anonymous_4)","line":67,"loc":{"start":{"line":67,"column":32},"end":{"line":67,"column":43}}},"5":{"name":"(anonymous_5)","line":79,"loc":{"start":{"line":79,"column":34},"end":{"line":79,"column":48}}},"6":{"name":"(anonymous_6)","line":109,"loc":{"start":{"line":109,"column":33},"end":{"line":109,"column":52}}},"7":{"name":"(anonymous_7)","line":114,"loc":{"start":{"line":114,"column":35},"end":{"line":114,"column":63}}},"8":{"name":"(anonymous_8)","line":125,"loc":{"start":{"line":125,"column":8},"end":{"line":125,"column":22}}},"9":{"name":"(anonymous_9)","line":132,"loc":{"start":{"line":132,"column":9},"end":{"line":132,"column":23}}}},"statementMap":{"1":{"start":{"line":10,"column":0},"end":{"line":13,"column":2}},"2":{"start":{"line":17,"column":0},"end":{"line":17,"column":14}},"3":{"start":{"line":18,"column":0},"end":{"line":18,"column":12}},"4":{"start":{"line":19,"column":0},"end":{"line":19,"column":19}},"5":{"start":{"line":21,"column":0},"end":{"line":25,"column":1}},"6":{"start":{"line":22,"column":2},"end":{"line":22,"column":43}},"7":{"start":{"line":23,"column":2},"end":{"line":23,"column":35}},"8":{"start":{"line":24,"column":2},"end":{"line":24,"column":49}},"9":{"start":{"line":29,"column":0},"end":{"line":61,"column":1}},"10":{"start":{"line":31,"column":2},"end":{"line":31,"column":24}},"11":{"start":{"line":32,"column":2},"end":{"line":32,"column":23}},"12":{"start":{"line":33,"column":2},"end":{"line":33,"column":23}},"13":{"start":{"line":34,"column":2},"end":{"line":34,"column":39}},"14":{"start":{"line":35,"column":2},"end":{"line":35,"column":46}},"15":{"start":{"line":36,"column":2},"end":{"line":36,"column":58}},"16":{"start":{"line":37,"column":2},"end":{"line":37,"column":17}},"17":{"start":{"line":38,"column":2},"end":{"line":38,"column":17}},"18":{"start":{"line":40,"column":2},"end":{"line":40,"column":56}},"19":{"start":{"line":41,"column":2},"end":{"line":46,"column":71}},"20":{"start":{"line":47,"column":2},"end":{"line":47,"column":64}},"21":{"start":{"line":48,"column":2},"end":{"line":50,"column":43}},"22":{"start":{"line":51,"column":2},"end":{"line":57,"column":3}},"23":{"start":{"line":52,"column":4},"end":{"line":56,"column":8}},"24":{"start":{"line":58,"column":2},"end":{"line":60,"column":66}},"25":{"start":{"line":63,"column":0},"end":{"line":65,"column":2}},"26":{"start":{"line":64,"column":2},"end":{"line":64,"column":42}},"27":{"start":{"line":67,"column":0},"end":{"line":75,"column":2}},"28":{"start":{"line":68,"column":2},"end":{"line":68,"column":15}},"29":{"start":{"line":69,"column":2},"end":{"line":69,"column":58}},"30":{"start":{"line":70,"column":2},"end":{"line":74,"column":3}},"31":{"start":{"line":71,"column":4},"end":{"line":72,"column":67}},"32":{"start":{"line":73,"column":4},"end":{"line":73,"column":53}},"33":{"start":{"line":79,"column":0},"end":{"line":105,"column":2}},"34":{"start":{"line":80,"column":2},"end":{"line":83,"column":4}},"35":{"start":{"line":84,"column":2},"end":{"line":84,"column":17}},"36":{"start":{"line":85,"column":2},"end":{"line":85,"column":17}},"37":{"start":{"line":86,"column":2},"end":{"line":94,"column":3}},"38":{"start":{"line":87,"column":4},"end":{"line":90,"column":6}},"39":{"start":{"line":91,"column":4},"end":{"line":93,"column":74}},"40":{"start":{"line":95,"column":2},"end":{"line":104,"column":3}},"41":{"start":{"line":96,"column":4},"end":{"line":98,"column":6}},"42":{"start":{"line":99,"column":4},"end":{"line":103,"column":8}},"43":{"start":{"line":109,"column":0},"end":{"line":112,"column":2}},"44":{"start":{"line":110,"column":2},"end":{"line":110,"column":43}},"45":{"start":{"line":111,"column":2},"end":{"line":111,"column":20}},"46":{"start":{"line":114,"column":0},"end":{"line":135,"column":2}},"47":{"start":{"line":115,"column":2},"end":{"line":115,"column":28}},"48":{"start":{"line":116,"column":2},"end":{"line":118,"column":3}},"49":{"start":{"line":117,"column":4},"end":{"line":117,"column":22}},"50":{"start":{"line":119,"column":2},"end":{"line":122,"column":4}},"51":{"start":{"line":123,"column":2},"end":{"line":123,"column":50}},"52":{"start":{"line":124,"column":2},"end":{"line":134,"column":16}},"53":{"start":{"line":126,"column":4},"end":{"line":126,"column":29}},"54":{"start":{"line":127,"column":4},"end":{"line":127,"column":19}},"55":{"start":{"line":128,"column":4},"end":{"line":129,"column":74}},"56":{"start":{"line":130,"column":4},"end":{"line":130,"column":22}},"57":{"start":{"line":133,"column":4},"end":{"line":133,"column":36}}},"branchMap":{"1":{"line":34,"type":"cond-expr","locations":[{"start":{"line":34,"column":21},"end":{"line":34,"column":25}},{"start":{"line":34,"column":28},"end":{"line":34,"column":38}}]},"2":{"line":43,"type":"cond-expr","locations":[{"start":{"line":44,"column":6},"end":{"line":44,"column":16}},{"start":{"line":44,"column":19},"end":{"line":44,"column":25}}]},"3":{"line":51,"type":"if","locations":[{"start":{"line":51,"column":2},"end":{"line":51,"column":2}},{"start":{"line":51,"column":2},"end":{"line":51,"column":2}}]},"4":{"line":69,"type":"cond-expr","locations":[{"start":{"line":69,"column":52},"end":{"line":69,"column":53}},{"start":{"line":69,"column":56},"end":{"line":69,"column":57}}]},"5":{"line":70,"type":"if","locations":[{"start":{"line":70,"column":2},"end":{"line":70,"column":2}},{"start":{"line":70,"column":2},"end":{"line":70,"column":2}}]},"6":{"line":71,"type":"cond-expr","locations":[{"start":{"line":71,"column":64},"end":{"line":71,"column":69}},{"start":{"line":72,"column":9},"end":{"line":72,"column":66}}]},"7":{"line":86,"type":"if","locations":[{"start":{"line":86,"column":2},"end":{"line":86,"column":2}},{"start":{"line":86,"column":2},"end":{"line":86,"column":2}}]},"8":{"line":95,"type":"if","locations":[{"start":{"line":95,"column":2},"end":{"line":95,"column":2}},{"start":{"line":95,"column":2},"end":{"line":95,"column":2}}]},"9":{"line":115,"type":"cond-expr","locations":[{"start":{"line":115,"column":22},"end":{"line":115,"column":23}},{"start":{"line":115,"column":26},"end":{"line":115,"column":27}}]},"10":{"line":116,"type":"if","locations":[{"start":{"line":116,"column":2},"end":{"line":116,"column":2}},{"start":{"line":116,"column":2},"end":{"line":116,"column":2}}]},"11":{"line":123,"type":"cond-expr","locations":[{"start":{"line":123,"column":27},"end":{"line":123,"column":36}},{"start":{"line":123,"column":39},"end":{"line":123,"column":49}}]}},"code":["// homebridge-hue/lib/HueSchedule.js","// Copyright © 2016, 2017 Erik Baauw. All rights reserved.","//","// Homebridge plugin for Philips Hue.","//","// HueSchedule provides support for Philips Hue schedules and rules.","","'use strict';","","module.exports = {","  setHomebridge: setHomebridge,","  HueSchedule: HueSchedule","};","","// ===== Homebridge ============================================================","","let Accessory;","let Service;","let Characteristic;","","function setHomebridge(homebridge) {","  Accessory = homebridge.platformAccessory;","  Service = homebridge.hap.Service;","  Characteristic = homebridge.hap.Characteristic;","}","","// ===== HueSchedule ===========================================================","","function HueSchedule(bridge, id, obj, type) {","  // jshint -W106","  this.log = bridge.log;","  this.bridge = bridge;","  this.name = obj.name;","  this.type = type ? type : 'schedule';","  this.resource = '/' + this.type + 's/' + id;","  this.uuid_base = bridge.uuid_base + '/' + this.resource;","  this.obj = obj;","  this.refresh();","","  this.infoService = new Service.AccessoryInformation();","  this.infoService","    .updateCharacteristic(Characteristic.Manufacturer, 'Philips')","    .updateCharacteristic(Characteristic.Model, type === 'schedule' ?","      'Schedule' : 'Rule'","    )","    .updateCharacteristic(Characteristic.SerialNumber, this.uuid_base);","  this.service = new Service.Resource(this.name, this.resource);","  this.service.getCharacteristic(Characteristic.Enabled)","    .updateValue(this.hk.enabled)","    .on('set', this.setEnabled.bind(this));","  if (this.type === 'rule') {","    this.service","      .updateCharacteristic(Characteristic.LastTriggered, this.hk.lasttriggered)","      .updateCharacteristic(","        Characteristic.TimesTriggered, this.hk.timestriggered","      );","  }","  this.service","    .updateCharacteristic(Characteristic.StatusActive, this.hk.enabled)","    .updateCharacteristic(Characteristic.Resource, this.resource);","}","","HueSchedule.prototype.getServices = function() {","  return [this.service, this.infoService];","};","","HueSchedule.prototype.refresh = function() {","  this.hk = {};","  this.hk.enabled = this.obj.status === 'enabled' ? 1 : 0;","  if (this.type === 'rule') {","    this.hk.lasttriggered = this.obj.lasttriggered === 'none' ? 'n/a' :","    \t\t   String(new Date(this.obj.lasttriggered)).substring(0, 25);","    this.hk.timestriggered = this.obj.timestriggered;","  }","};","","// ===== Bridge Events =========================================================","","HueSchedule.prototype.heartbeat = function(obj) {","  const old = {","    obj: this.obj,","    hk: this.hk","  };","  this.obj = obj;","  this.refresh();","  if (this.obj.status !== old.obj.status) {","    this.log.info(","      '%s: change homekit enabled from %s to %s', this.name,","      old.hk.enabled, this.hk.enabled","    );","    this.service","      .updateCharacteristic(Characteristic.Enabled, this.hk.enabled)","      .updateCharacteristic(Characteristic.StatusActive, this.hk.enabled);","  }","  if (this.obj.lasttriggered !== old.obj.lasttriggered) {","    this.log.debug(","      '%s: rule triggered on %s', this.name, this.hk.lasttriggered","    );","    this.service","      .updateCharacteristic(Characteristic.LastTriggered, this.hk.lasttriggered)","      .updateCharacteristic(","        Characteristic.TimesTriggered, this.hk.timestriggered","      );","  }","};","","// ===== Homekit Events ========================================================","","HueSchedule.prototype.identify = function(callback) {","  this.log.info('%s: identify', this.name);","  return callback();","};","","HueSchedule.prototype.setEnabled = function(enabled, callback) {","  enabled = enabled ? 1 : 0;","  if (enabled === this.hk.enabled) {","    return callback();","  }","  this.log.info(","    '%s: homekit enabled changed from %s to %s', this.name,","    this.hk.enabled, enabled","  );","  const status = enabled ? 'enabled' : 'disabled';","  this.bridge.request('put', this.resource, {status: status})","  .then(function(obj) {","    this.obj.status = status;","    this.refresh();","    this.service","      .updateCharacteristic(Characteristic.StatusActive, this.hk.enabled);","    return callback();","  }.bind(this))","  .catch(function(err) {","    return callback(new Error(err));","  }.bind(this));","};",""],"l":{"10":1,"17":1,"18":1,"19":1,"21":1,"22":0,"23":0,"24":0,"29":1,"31":0,"32":0,"33":0,"34":0,"35":0,"36":0,"37":0,"38":0,"40":0,"41":0,"47":0,"48":0,"51":0,"52":0,"58":0,"63":1,"64":0,"67":1,"68":0,"69":0,"70":0,"71":0,"73":0,"79":1,"80":0,"84":0,"85":0,"86":0,"87":0,"91":0,"95":0,"96":0,"99":0,"109":1,"110":0,"111":0,"114":1,"115":0,"116":0,"117":0,"119":0,"123":0,"124":0,"126":0,"127":0,"128":0,"130":0,"133":0}}}